1	mlsp_dataset_int/faces112x11217/73.jpg	0
1	mlsp_dataset_int/faces112x11217/50.jpg	0
1	mlsp_dataset_int/faces112x11217/19.jpg	0
1	mlsp_dataset_int/faces112x11217/4.jpg	0
1	mlsp_dataset_int/faces112x11217/2.jpg	0
1	mlsp_dataset_int/faces112x11217/61.jpg	0
1	mlsp_dataset_int/faces112x11217/72.jpg	0
1	mlsp_dataset_int/faces112x11217/60.jpg	0
1	mlsp_dataset_int/faces112x11217/64.jpg	0
1	mlsp_dataset_int/faces112x11217/38.jpg	0
1	mlsp_dataset_int/faces112x11217/24.jpg	0
1	mlsp_dataset_int/faces112x11217/77.jpg	0
1	mlsp_dataset_int/faces112x11217/85.jpg	0
1	mlsp_dataset_int/faces112x11217/37.jpg	0
1	mlsp_dataset_int/faces112x11217/30.jpg	0
1	mlsp_dataset_int/faces112x11217/52.jpg	0
1	mlsp_dataset_int/faces112x11217/47.jpg	0
1	mlsp_dataset_int/faces112x11217/9.jpg	0
1	mlsp_dataset_int/faces112x11217/88.jpg	0
1	mlsp_dataset_int/faces112x11217/33.jpg	0
1	mlsp_dataset_int/faces112x11217/57.jpg	0
1	mlsp_dataset_int/faces112x11217/76.jpg	0
1	mlsp_dataset_int/faces112x11217/89.jpg	0
1	mlsp_dataset_int/faces112x11217/81.jpg	0
1	mlsp_dataset_int/faces112x11217/82.jpg	0
1	mlsp_dataset_int/faces112x11217/55.jpg	0
1	mlsp_dataset_int/faces112x11217/6.jpg	0
1	mlsp_dataset_int/faces112x11217/62.jpg	0
1	mlsp_dataset_int/faces112x11217/3.jpg	0
1	mlsp_dataset_int/faces112x11217/91.jpg	0
1	mlsp_dataset_int/faces112x11217/70.jpg	0
1	mlsp_dataset_int/faces112x11217/31.jpg	0
1	mlsp_dataset_int/faces112x11217/25.jpg	0
1	mlsp_dataset_int/faces112x11217/46.jpg	0
1	mlsp_dataset_int/faces112x11217/69.jpg	0
1	mlsp_dataset_int/faces112x11217/56.jpg	0
1	mlsp_dataset_int/faces112x11217/53.jpg	0
1	mlsp_dataset_int/faces112x11217/36.jpg	0
1	mlsp_dataset_int/faces112x11217/20.jpg	0
1	mlsp_dataset_int/faces112x11217/18.jpg	0
1	mlsp_dataset_int/faces112x11217/71.jpg	0
1	mlsp_dataset_int/faces112x11217/54.jpg	0
1	mlsp_dataset_int/faces112x11217/59.jpg	0
1	mlsp_dataset_int/faces112x11217/84.jpg	0
1	mlsp_dataset_int/faces112x11217/8.jpg	0
1	mlsp_dataset_int/faces112x11217/16.jpg	0
1	mlsp_dataset_int/faces112x11217/23.jpg	0
1	mlsp_dataset_int/faces112x11217/17.jpg	0
1	mlsp_dataset_int/faces112x11217/28.jpg	0
1	mlsp_dataset_int/faces112x11217/15.jpg	0
1	mlsp_dataset_int/faces112x11217/29.jpg	0
1	mlsp_dataset_int/faces112x11217/5.jpg	0
1	mlsp_dataset_int/faces112x11217/93.jpg	0
1	mlsp_dataset_int/faces112x11217/35.jpg	0
1	mlsp_dataset_int/faces112x11217/78.jpg	0
1	mlsp_dataset_int/faces112x11217/40.jpg	0
1	mlsp_dataset_int/faces112x11217/44.jpg	0
1	mlsp_dataset_int/faces112x11217/86.jpg	0
1	mlsp_dataset_int/faces112x11217/43.jpg	0
1	mlsp_dataset_int/faces112x11217/94.jpg	0
1	mlsp_dataset_int/faces112x11217/80.jpg	0
1	mlsp_dataset_int/faces112x11217/41.jpg	0
1	mlsp_dataset_int/faces112x11217/95.jpg	0
1	mlsp_dataset_int/faces112x11217/75.jpg	0
1	mlsp_dataset_int/faces112x11217/83.jpg	0
1	mlsp_dataset_int/faces112x11217/11.jpg	0
1	mlsp_dataset_int/faces112x11217/68.jpg	0
1	mlsp_dataset_int/faces112x11217/27.jpg	0
1	mlsp_dataset_int/faces112x11217/32.jpg	0
1	mlsp_dataset_int/faces112x11217/26.jpg	0
1	mlsp_dataset_int/faces112x11217/7.jpg	0
1	mlsp_dataset_int/faces112x11217/79.jpg	0
1	mlsp_dataset_int/faces112x11217/67.jpg	0
1	mlsp_dataset_int/faces112x11217/14.jpg	0
1	mlsp_dataset_int/faces112x11217/39.jpg	0
1	mlsp_dataset_int/faces112x11217/58.jpg	0
1	mlsp_dataset_int/faces112x11217/34.jpg	0
1	mlsp_dataset_int/faces112x11217/0.jpg	0
1	mlsp_dataset_int/faces112x11217/45.jpg	0
1	mlsp_dataset_int/faces112x11217/87.jpg	0
1	mlsp_dataset_int/faces112x11217/90.jpg	0
1	mlsp_dataset_int/faces112x11217/92.jpg	0
1	mlsp_dataset_int/faces112x11217/63.jpg	0
1	mlsp_dataset_int/faces112x11217/74.jpg	0
1	mlsp_dataset_int/faces112x11217/13.jpg	0
1	mlsp_dataset_int/faces112x11217/51.jpg	0
1	mlsp_dataset_int/faces112x11217/22.jpg	0
1	mlsp_dataset_int/faces112x11217/42.jpg	0
1	mlsp_dataset_int/faces112x11217/12.jpg	0
1	mlsp_dataset_int/faces112x11217/65.jpg	0
1	mlsp_dataset_int/faces112x11217/1.jpg	0
1	mlsp_dataset_int/faces112x11217/48.jpg	0
1	mlsp_dataset_int/faces112x11217/49.jpg	0
1	mlsp_dataset_int/faces112x11217/10.jpg	0
1	mlsp_dataset_int/faces112x11217/66.jpg	0
1	mlsp_dataset_int/faces112x11217/21.jpg	0
1	mlsp_dataset_int/faces112x1123/73.jpg	1
1	mlsp_dataset_int/faces112x1123/50.jpg	1
1	mlsp_dataset_int/faces112x1123/19.jpg	1
1	mlsp_dataset_int/faces112x1123/4.jpg	1
1	mlsp_dataset_int/faces112x1123/2.jpg	1
1	mlsp_dataset_int/faces112x1123/61.jpg	1
1	mlsp_dataset_int/faces112x1123/72.jpg	1
1	mlsp_dataset_int/faces112x1123/60.jpg	1
1	mlsp_dataset_int/faces112x1123/64.jpg	1
1	mlsp_dataset_int/faces112x1123/38.jpg	1
1	mlsp_dataset_int/faces112x1123/24.jpg	1
1	mlsp_dataset_int/faces112x1123/77.jpg	1
1	mlsp_dataset_int/faces112x1123/85.jpg	1
1	mlsp_dataset_int/faces112x1123/37.jpg	1
1	mlsp_dataset_int/faces112x1123/30.jpg	1
1	mlsp_dataset_int/faces112x1123/52.jpg	1
1	mlsp_dataset_int/faces112x1123/47.jpg	1
1	mlsp_dataset_int/faces112x1123/9.jpg	1
1	mlsp_dataset_int/faces112x1123/88.jpg	1
1	mlsp_dataset_int/faces112x1123/33.jpg	1
1	mlsp_dataset_int/faces112x1123/57.jpg	1
1	mlsp_dataset_int/faces112x1123/76.jpg	1
1	mlsp_dataset_int/faces112x1123/89.jpg	1
1	mlsp_dataset_int/faces112x1123/81.jpg	1
1	mlsp_dataset_int/faces112x1123/82.jpg	1
1	mlsp_dataset_int/faces112x1123/55.jpg	1
1	mlsp_dataset_int/faces112x1123/6.jpg	1
1	mlsp_dataset_int/faces112x1123/62.jpg	1
1	mlsp_dataset_int/faces112x1123/3.jpg	1
1	mlsp_dataset_int/faces112x1123/91.jpg	1
1	mlsp_dataset_int/faces112x1123/70.jpg	1
1	mlsp_dataset_int/faces112x1123/31.jpg	1
1	mlsp_dataset_int/faces112x1123/25.jpg	1
1	mlsp_dataset_int/faces112x1123/46.jpg	1
1	mlsp_dataset_int/faces112x1123/69.jpg	1
1	mlsp_dataset_int/faces112x1123/56.jpg	1
1	mlsp_dataset_int/faces112x1123/53.jpg	1
1	mlsp_dataset_int/faces112x1123/36.jpg	1
1	mlsp_dataset_int/faces112x1123/20.jpg	1
1	mlsp_dataset_int/faces112x1123/18.jpg	1
1	mlsp_dataset_int/faces112x1123/71.jpg	1
1	mlsp_dataset_int/faces112x1123/54.jpg	1
1	mlsp_dataset_int/faces112x1123/59.jpg	1
1	mlsp_dataset_int/faces112x1123/84.jpg	1
1	mlsp_dataset_int/faces112x1123/8.jpg	1
1	mlsp_dataset_int/faces112x1123/16.jpg	1
1	mlsp_dataset_int/faces112x1123/23.jpg	1
1	mlsp_dataset_int/faces112x1123/17.jpg	1
1	mlsp_dataset_int/faces112x1123/28.jpg	1
1	mlsp_dataset_int/faces112x1123/15.jpg	1
1	mlsp_dataset_int/faces112x1123/29.jpg	1
1	mlsp_dataset_int/faces112x1123/5.jpg	1
1	mlsp_dataset_int/faces112x1123/93.jpg	1
1	mlsp_dataset_int/faces112x1123/35.jpg	1
1	mlsp_dataset_int/faces112x1123/78.jpg	1
1	mlsp_dataset_int/faces112x1123/40.jpg	1
1	mlsp_dataset_int/faces112x1123/96.jpg	1
1	mlsp_dataset_int/faces112x1123/44.jpg	1
1	mlsp_dataset_int/faces112x1123/86.jpg	1
1	mlsp_dataset_int/faces112x1123/43.jpg	1
1	mlsp_dataset_int/faces112x1123/94.jpg	1
1	mlsp_dataset_int/faces112x1123/80.jpg	1
1	mlsp_dataset_int/faces112x1123/41.jpg	1
1	mlsp_dataset_int/faces112x1123/95.jpg	1
1	mlsp_dataset_int/faces112x1123/75.jpg	1
1	mlsp_dataset_int/faces112x1123/83.jpg	1
1	mlsp_dataset_int/faces112x1123/11.jpg	1
1	mlsp_dataset_int/faces112x1123/68.jpg	1
1	mlsp_dataset_int/faces112x1123/27.jpg	1
1	mlsp_dataset_int/faces112x1123/32.jpg	1
1	mlsp_dataset_int/faces112x1123/26.jpg	1
1	mlsp_dataset_int/faces112x1123/7.jpg	1
1	mlsp_dataset_int/faces112x1123/79.jpg	1
1	mlsp_dataset_int/faces112x1123/67.jpg	1
1	mlsp_dataset_int/faces112x1123/14.jpg	1
1	mlsp_dataset_int/faces112x1123/39.jpg	1
1	mlsp_dataset_int/faces112x1123/58.jpg	1
1	mlsp_dataset_int/faces112x1123/34.jpg	1
1	mlsp_dataset_int/faces112x1123/0.jpg	1
1	mlsp_dataset_int/faces112x1123/45.jpg	1
1	mlsp_dataset_int/faces112x1123/87.jpg	1
1	mlsp_dataset_int/faces112x1123/90.jpg	1
1	mlsp_dataset_int/faces112x1123/92.jpg	1
1	mlsp_dataset_int/faces112x1123/63.jpg	1
1	mlsp_dataset_int/faces112x1123/74.jpg	1
1	mlsp_dataset_int/faces112x1123/13.jpg	1
1	mlsp_dataset_int/faces112x1123/51.jpg	1
1	mlsp_dataset_int/faces112x1123/22.jpg	1
1	mlsp_dataset_int/faces112x1123/42.jpg	1
1	mlsp_dataset_int/faces112x1123/12.jpg	1
1	mlsp_dataset_int/faces112x1123/65.jpg	1
1	mlsp_dataset_int/faces112x1123/1.jpg	1
1	mlsp_dataset_int/faces112x1123/48.jpg	1
1	mlsp_dataset_int/faces112x1123/49.jpg	1
1	mlsp_dataset_int/faces112x1123/10.jpg	1
1	mlsp_dataset_int/faces112x1123/66.jpg	1
1	mlsp_dataset_int/faces112x1123/21.jpg	1
1	mlsp_dataset_int/faces112x1128/73.jpg	2
1	mlsp_dataset_int/faces112x1128/50.jpg	2
1	mlsp_dataset_int/faces112x1128/19.jpg	2
1	mlsp_dataset_int/faces112x1128/4.jpg	2
1	mlsp_dataset_int/faces112x1128/2.jpg	2
1	mlsp_dataset_int/faces112x1128/61.jpg	2
1	mlsp_dataset_int/faces112x1128/72.jpg	2
1	mlsp_dataset_int/faces112x1128/60.jpg	2
1	mlsp_dataset_int/faces112x1128/64.jpg	2
1	mlsp_dataset_int/faces112x1128/38.jpg	2
1	mlsp_dataset_int/faces112x1128/24.jpg	2
1	mlsp_dataset_int/faces112x1128/77.jpg	2
1	mlsp_dataset_int/faces112x1128/85.jpg	2
1	mlsp_dataset_int/faces112x1128/37.jpg	2
1	mlsp_dataset_int/faces112x1128/30.jpg	2
1	mlsp_dataset_int/faces112x1128/52.jpg	2
1	mlsp_dataset_int/faces112x1128/47.jpg	2
1	mlsp_dataset_int/faces112x1128/9.jpg	2
1	mlsp_dataset_int/faces112x1128/88.jpg	2
1	mlsp_dataset_int/faces112x1128/33.jpg	2
1	mlsp_dataset_int/faces112x1128/57.jpg	2
1	mlsp_dataset_int/faces112x1128/76.jpg	2
1	mlsp_dataset_int/faces112x1128/89.jpg	2
1	mlsp_dataset_int/faces112x1128/81.jpg	2
1	mlsp_dataset_int/faces112x1128/82.jpg	2
1	mlsp_dataset_int/faces112x1128/55.jpg	2
1	mlsp_dataset_int/faces112x1128/6.jpg	2
1	mlsp_dataset_int/faces112x1128/62.jpg	2
1	mlsp_dataset_int/faces112x1128/3.jpg	2
1	mlsp_dataset_int/faces112x1128/91.jpg	2
1	mlsp_dataset_int/faces112x1128/70.jpg	2
1	mlsp_dataset_int/faces112x1128/31.jpg	2
1	mlsp_dataset_int/faces112x1128/25.jpg	2
1	mlsp_dataset_int/faces112x1128/46.jpg	2
1	mlsp_dataset_int/faces112x1128/69.jpg	2
1	mlsp_dataset_int/faces112x1128/56.jpg	2
1	mlsp_dataset_int/faces112x1128/53.jpg	2
1	mlsp_dataset_int/faces112x1128/36.jpg	2
1	mlsp_dataset_int/faces112x1128/20.jpg	2
1	mlsp_dataset_int/faces112x1128/18.jpg	2
1	mlsp_dataset_int/faces112x1128/71.jpg	2
1	mlsp_dataset_int/faces112x1128/54.jpg	2
1	mlsp_dataset_int/faces112x1128/59.jpg	2
1	mlsp_dataset_int/faces112x1128/84.jpg	2
1	mlsp_dataset_int/faces112x1128/8.jpg	2
1	mlsp_dataset_int/faces112x1128/16.jpg	2
1	mlsp_dataset_int/faces112x1128/23.jpg	2
1	mlsp_dataset_int/faces112x1128/17.jpg	2
1	mlsp_dataset_int/faces112x1128/28.jpg	2
1	mlsp_dataset_int/faces112x1128/15.jpg	2
1	mlsp_dataset_int/faces112x1128/29.jpg	2
1	mlsp_dataset_int/faces112x1128/5.jpg	2
1	mlsp_dataset_int/faces112x1128/93.jpg	2
1	mlsp_dataset_int/faces112x1128/35.jpg	2
1	mlsp_dataset_int/faces112x1128/78.jpg	2
1	mlsp_dataset_int/faces112x1128/40.jpg	2
1	mlsp_dataset_int/faces112x1128/44.jpg	2
1	mlsp_dataset_int/faces112x1128/86.jpg	2
1	mlsp_dataset_int/faces112x1128/43.jpg	2
1	mlsp_dataset_int/faces112x1128/94.jpg	2
1	mlsp_dataset_int/faces112x1128/80.jpg	2
1	mlsp_dataset_int/faces112x1128/41.jpg	2
1	mlsp_dataset_int/faces112x1128/95.jpg	2
1	mlsp_dataset_int/faces112x1128/75.jpg	2
1	mlsp_dataset_int/faces112x1128/83.jpg	2
1	mlsp_dataset_int/faces112x1128/11.jpg	2
1	mlsp_dataset_int/faces112x1128/68.jpg	2
1	mlsp_dataset_int/faces112x1128/27.jpg	2
1	mlsp_dataset_int/faces112x1128/32.jpg	2
1	mlsp_dataset_int/faces112x1128/26.jpg	2
1	mlsp_dataset_int/faces112x1128/7.jpg	2
1	mlsp_dataset_int/faces112x1128/79.jpg	2
1	mlsp_dataset_int/faces112x1128/67.jpg	2
1	mlsp_dataset_int/faces112x1128/14.jpg	2
1	mlsp_dataset_int/faces112x1128/39.jpg	2
1	mlsp_dataset_int/faces112x1128/58.jpg	2
1	mlsp_dataset_int/faces112x1128/34.jpg	2
1	mlsp_dataset_int/faces112x1128/0.jpg	2
1	mlsp_dataset_int/faces112x1128/45.jpg	2
1	mlsp_dataset_int/faces112x1128/87.jpg	2
1	mlsp_dataset_int/faces112x1128/90.jpg	2
1	mlsp_dataset_int/faces112x1128/92.jpg	2
1	mlsp_dataset_int/faces112x1128/63.jpg	2
1	mlsp_dataset_int/faces112x1128/74.jpg	2
1	mlsp_dataset_int/faces112x1128/13.jpg	2
1	mlsp_dataset_int/faces112x1128/51.jpg	2
1	mlsp_dataset_int/faces112x1128/22.jpg	2
1	mlsp_dataset_int/faces112x1128/42.jpg	2
1	mlsp_dataset_int/faces112x1128/12.jpg	2
1	mlsp_dataset_int/faces112x1128/65.jpg	2
1	mlsp_dataset_int/faces112x1128/1.jpg	2
1	mlsp_dataset_int/faces112x1128/48.jpg	2
1	mlsp_dataset_int/faces112x1128/49.jpg	2
1	mlsp_dataset_int/faces112x1128/10.jpg	2
1	mlsp_dataset_int/faces112x1128/66.jpg	2
1	mlsp_dataset_int/faces112x1128/21.jpg	2
1	mlsp_dataset_int/faces112x1125/73.jpg	3
1	mlsp_dataset_int/faces112x1125/50.jpg	3
1	mlsp_dataset_int/faces112x1125/19.jpg	3
1	mlsp_dataset_int/faces112x1125/4.jpg	3
1	mlsp_dataset_int/faces112x1125/2.jpg	3
1	mlsp_dataset_int/faces112x1125/61.jpg	3
1	mlsp_dataset_int/faces112x1125/72.jpg	3
1	mlsp_dataset_int/faces112x1125/60.jpg	3
1	mlsp_dataset_int/faces112x1125/64.jpg	3
1	mlsp_dataset_int/faces112x1125/38.jpg	3
1	mlsp_dataset_int/faces112x1125/24.jpg	3
1	mlsp_dataset_int/faces112x1125/77.jpg	3
1	mlsp_dataset_int/faces112x1125/85.jpg	3
1	mlsp_dataset_int/faces112x1125/37.jpg	3
1	mlsp_dataset_int/faces112x1125/30.jpg	3
1	mlsp_dataset_int/faces112x1125/52.jpg	3
1	mlsp_dataset_int/faces112x1125/47.jpg	3
1	mlsp_dataset_int/faces112x1125/9.jpg	3
1	mlsp_dataset_int/faces112x1125/33.jpg	3
1	mlsp_dataset_int/faces112x1125/57.jpg	3
1	mlsp_dataset_int/faces112x1125/76.jpg	3
1	mlsp_dataset_int/faces112x1125/81.jpg	3
1	mlsp_dataset_int/faces112x1125/82.jpg	3
1	mlsp_dataset_int/faces112x1125/55.jpg	3
1	mlsp_dataset_int/faces112x1125/6.jpg	3
1	mlsp_dataset_int/faces112x1125/62.jpg	3
1	mlsp_dataset_int/faces112x1125/3.jpg	3
1	mlsp_dataset_int/faces112x1125/70.jpg	3
1	mlsp_dataset_int/faces112x1125/31.jpg	3
1	mlsp_dataset_int/faces112x1125/25.jpg	3
1	mlsp_dataset_int/faces112x1125/46.jpg	3
1	mlsp_dataset_int/faces112x1125/69.jpg	3
1	mlsp_dataset_int/faces112x1125/56.jpg	3
1	mlsp_dataset_int/faces112x1125/53.jpg	3
1	mlsp_dataset_int/faces112x1125/36.jpg	3
1	mlsp_dataset_int/faces112x1125/20.jpg	3
1	mlsp_dataset_int/faces112x1125/18.jpg	3
1	mlsp_dataset_int/faces112x1125/71.jpg	3
1	mlsp_dataset_int/faces112x1125/54.jpg	3
1	mlsp_dataset_int/faces112x1125/59.jpg	3
1	mlsp_dataset_int/faces112x1125/84.jpg	3
1	mlsp_dataset_int/faces112x1125/8.jpg	3
1	mlsp_dataset_int/faces112x1125/16.jpg	3
1	mlsp_dataset_int/faces112x1125/23.jpg	3
1	mlsp_dataset_int/faces112x1125/17.jpg	3
1	mlsp_dataset_int/faces112x1125/28.jpg	3
1	mlsp_dataset_int/faces112x1125/15.jpg	3
1	mlsp_dataset_int/faces112x1125/29.jpg	3
1	mlsp_dataset_int/faces112x1125/5.jpg	3
1	mlsp_dataset_int/faces112x1125/35.jpg	3
1	mlsp_dataset_int/faces112x1125/78.jpg	3
1	mlsp_dataset_int/faces112x1125/40.jpg	3
1	mlsp_dataset_int/faces112x1125/44.jpg	3
1	mlsp_dataset_int/faces112x1125/86.jpg	3
1	mlsp_dataset_int/faces112x1125/43.jpg	3
1	mlsp_dataset_int/faces112x1125/80.jpg	3
1	mlsp_dataset_int/faces112x1125/41.jpg	3
1	mlsp_dataset_int/faces112x1125/75.jpg	3
1	mlsp_dataset_int/faces112x1125/83.jpg	3
1	mlsp_dataset_int/faces112x1125/11.jpg	3
1	mlsp_dataset_int/faces112x1125/68.jpg	3
1	mlsp_dataset_int/faces112x1125/27.jpg	3
1	mlsp_dataset_int/faces112x1125/32.jpg	3
1	mlsp_dataset_int/faces112x1125/26.jpg	3
1	mlsp_dataset_int/faces112x1125/7.jpg	3
1	mlsp_dataset_int/faces112x1125/79.jpg	3
1	mlsp_dataset_int/faces112x1125/67.jpg	3
1	mlsp_dataset_int/faces112x1125/14.jpg	3
1	mlsp_dataset_int/faces112x1125/39.jpg	3
1	mlsp_dataset_int/faces112x1125/58.jpg	3
1	mlsp_dataset_int/faces112x1125/34.jpg	3
1	mlsp_dataset_int/faces112x1125/0.jpg	3
1	mlsp_dataset_int/faces112x1125/45.jpg	3
1	mlsp_dataset_int/faces112x1125/63.jpg	3
1	mlsp_dataset_int/faces112x1125/74.jpg	3
1	mlsp_dataset_int/faces112x1125/13.jpg	3
1	mlsp_dataset_int/faces112x1125/51.jpg	3
1	mlsp_dataset_int/faces112x1125/22.jpg	3
1	mlsp_dataset_int/faces112x1125/42.jpg	3
1	mlsp_dataset_int/faces112x1125/12.jpg	3
1	mlsp_dataset_int/faces112x1125/65.jpg	3
1	mlsp_dataset_int/faces112x1125/1.jpg	3
1	mlsp_dataset_int/faces112x1125/48.jpg	3
1	mlsp_dataset_int/faces112x1125/49.jpg	3
1	mlsp_dataset_int/faces112x1125/10.jpg	3
1	mlsp_dataset_int/faces112x1125/66.jpg	3
1	mlsp_dataset_int/faces112x1125/21.jpg	3
1	mlsp_dataset_int/faces112x11216/73.jpg	4
1	mlsp_dataset_int/faces112x11216/50.jpg	4
1	mlsp_dataset_int/faces112x11216/19.jpg	4
1	mlsp_dataset_int/faces112x11216/4.jpg	4
1	mlsp_dataset_int/faces112x11216/2.jpg	4
1	mlsp_dataset_int/faces112x11216/61.jpg	4
1	mlsp_dataset_int/faces112x11216/72.jpg	4
1	mlsp_dataset_int/faces112x11216/60.jpg	4
1	mlsp_dataset_int/faces112x11216/64.jpg	4
1	mlsp_dataset_int/faces112x11216/38.jpg	4
1	mlsp_dataset_int/faces112x11216/24.jpg	4
1	mlsp_dataset_int/faces112x11216/77.jpg	4
1	mlsp_dataset_int/faces112x11216/85.jpg	4
1	mlsp_dataset_int/faces112x11216/37.jpg	4
1	mlsp_dataset_int/faces112x11216/30.jpg	4
1	mlsp_dataset_int/faces112x11216/52.jpg	4
1	mlsp_dataset_int/faces112x11216/47.jpg	4
1	mlsp_dataset_int/faces112x11216/9.jpg	4
1	mlsp_dataset_int/faces112x11216/88.jpg	4
1	mlsp_dataset_int/faces112x11216/33.jpg	4
1	mlsp_dataset_int/faces112x11216/57.jpg	4
1	mlsp_dataset_int/faces112x11216/76.jpg	4
1	mlsp_dataset_int/faces112x11216/89.jpg	4
1	mlsp_dataset_int/faces112x11216/81.jpg	4
1	mlsp_dataset_int/faces112x11216/82.jpg	4
1	mlsp_dataset_int/faces112x11216/55.jpg	4
1	mlsp_dataset_int/faces112x11216/6.jpg	4
1	mlsp_dataset_int/faces112x11216/62.jpg	4
1	mlsp_dataset_int/faces112x11216/3.jpg	4
1	mlsp_dataset_int/faces112x11216/91.jpg	4
1	mlsp_dataset_int/faces112x11216/70.jpg	4
1	mlsp_dataset_int/faces112x11216/31.jpg	4
1	mlsp_dataset_int/faces112x11216/25.jpg	4
1	mlsp_dataset_int/faces112x11216/46.jpg	4
1	mlsp_dataset_int/faces112x11216/69.jpg	4
1	mlsp_dataset_int/faces112x11216/56.jpg	4
1	mlsp_dataset_int/faces112x11216/53.jpg	4
1	mlsp_dataset_int/faces112x11216/36.jpg	4
1	mlsp_dataset_int/faces112x11216/20.jpg	4
1	mlsp_dataset_int/faces112x11216/18.jpg	4
1	mlsp_dataset_int/faces112x11216/71.jpg	4
1	mlsp_dataset_int/faces112x11216/54.jpg	4
1	mlsp_dataset_int/faces112x11216/59.jpg	4
1	mlsp_dataset_int/faces112x11216/84.jpg	4
1	mlsp_dataset_int/faces112x11216/8.jpg	4
1	mlsp_dataset_int/faces112x11216/16.jpg	4
1	mlsp_dataset_int/faces112x11216/23.jpg	4
1	mlsp_dataset_int/faces112x11216/17.jpg	4
1	mlsp_dataset_int/faces112x11216/28.jpg	4
1	mlsp_dataset_int/faces112x11216/15.jpg	4
1	mlsp_dataset_int/faces112x11216/29.jpg	4
1	mlsp_dataset_int/faces112x11216/5.jpg	4
1	mlsp_dataset_int/faces112x11216/35.jpg	4
1	mlsp_dataset_int/faces112x11216/78.jpg	4
1	mlsp_dataset_int/faces112x11216/40.jpg	4
1	mlsp_dataset_int/faces112x11216/44.jpg	4
1	mlsp_dataset_int/faces112x11216/86.jpg	4
1	mlsp_dataset_int/faces112x11216/43.jpg	4
1	mlsp_dataset_int/faces112x11216/80.jpg	4
1	mlsp_dataset_int/faces112x11216/41.jpg	4
1	mlsp_dataset_int/faces112x11216/75.jpg	4
1	mlsp_dataset_int/faces112x11216/83.jpg	4
1	mlsp_dataset_int/faces112x11216/11.jpg	4
1	mlsp_dataset_int/faces112x11216/68.jpg	4
1	mlsp_dataset_int/faces112x11216/27.jpg	4
1	mlsp_dataset_int/faces112x11216/32.jpg	4
1	mlsp_dataset_int/faces112x11216/26.jpg	4
1	mlsp_dataset_int/faces112x11216/7.jpg	4
1	mlsp_dataset_int/faces112x11216/79.jpg	4
1	mlsp_dataset_int/faces112x11216/67.jpg	4
1	mlsp_dataset_int/faces112x11216/14.jpg	4
1	mlsp_dataset_int/faces112x11216/39.jpg	4
1	mlsp_dataset_int/faces112x11216/58.jpg	4
1	mlsp_dataset_int/faces112x11216/34.jpg	4
1	mlsp_dataset_int/faces112x11216/0.jpg	4
1	mlsp_dataset_int/faces112x11216/45.jpg	4
1	mlsp_dataset_int/faces112x11216/87.jpg	4
1	mlsp_dataset_int/faces112x11216/90.jpg	4
1	mlsp_dataset_int/faces112x11216/63.jpg	4
1	mlsp_dataset_int/faces112x11216/74.jpg	4
1	mlsp_dataset_int/faces112x11216/13.jpg	4
1	mlsp_dataset_int/faces112x11216/51.jpg	4
1	mlsp_dataset_int/faces112x11216/22.jpg	4
1	mlsp_dataset_int/faces112x11216/42.jpg	4
1	mlsp_dataset_int/faces112x11216/12.jpg	4
1	mlsp_dataset_int/faces112x11216/65.jpg	4
1	mlsp_dataset_int/faces112x11216/1.jpg	4
1	mlsp_dataset_int/faces112x11216/48.jpg	4
1	mlsp_dataset_int/faces112x11216/49.jpg	4
1	mlsp_dataset_int/faces112x11216/10.jpg	4
1	mlsp_dataset_int/faces112x11216/66.jpg	4
1	mlsp_dataset_int/faces112x11216/21.jpg	4
1	mlsp_dataset_int/faces112x11214/97.jpg	5
1	mlsp_dataset_int/faces112x11214/73.jpg	5
1	mlsp_dataset_int/faces112x11214/50.jpg	5
1	mlsp_dataset_int/faces112x11214/19.jpg	5
1	mlsp_dataset_int/faces112x11214/4.jpg	5
1	mlsp_dataset_int/faces112x11214/2.jpg	5
1	mlsp_dataset_int/faces112x11214/61.jpg	5
1	mlsp_dataset_int/faces112x11214/72.jpg	5
1	mlsp_dataset_int/faces112x11214/60.jpg	5
1	mlsp_dataset_int/faces112x11214/64.jpg	5
1	mlsp_dataset_int/faces112x11214/38.jpg	5
1	mlsp_dataset_int/faces112x11214/24.jpg	5
1	mlsp_dataset_int/faces112x11214/77.jpg	5
1	mlsp_dataset_int/faces112x11214/99.jpg	5
1	mlsp_dataset_int/faces112x11214/85.jpg	5
1	mlsp_dataset_int/faces112x11214/37.jpg	5
1	mlsp_dataset_int/faces112x11214/30.jpg	5
1	mlsp_dataset_int/faces112x11214/52.jpg	5
1	mlsp_dataset_int/faces112x11214/47.jpg	5
1	mlsp_dataset_int/faces112x11214/9.jpg	5
1	mlsp_dataset_int/faces112x11214/88.jpg	5
1	mlsp_dataset_int/faces112x11214/33.jpg	5
1	mlsp_dataset_int/faces112x11214/57.jpg	5
1	mlsp_dataset_int/faces112x11214/76.jpg	5
1	mlsp_dataset_int/faces112x11214/89.jpg	5
1	mlsp_dataset_int/faces112x11214/81.jpg	5
1	mlsp_dataset_int/faces112x11214/82.jpg	5
1	mlsp_dataset_int/faces112x11214/55.jpg	5
1	mlsp_dataset_int/faces112x11214/6.jpg	5
1	mlsp_dataset_int/faces112x11214/62.jpg	5
1	mlsp_dataset_int/faces112x11214/3.jpg	5
1	mlsp_dataset_int/faces112x11214/91.jpg	5
1	mlsp_dataset_int/faces112x11214/70.jpg	5
1	mlsp_dataset_int/faces112x11214/31.jpg	5
1	mlsp_dataset_int/faces112x11214/25.jpg	5
1	mlsp_dataset_int/faces112x11214/46.jpg	5
1	mlsp_dataset_int/faces112x11214/69.jpg	5
1	mlsp_dataset_int/faces112x11214/56.jpg	5
1	mlsp_dataset_int/faces112x11214/53.jpg	5
1	mlsp_dataset_int/faces112x11214/36.jpg	5
1	mlsp_dataset_int/faces112x11214/20.jpg	5
1	mlsp_dataset_int/faces112x11214/18.jpg	5
1	mlsp_dataset_int/faces112x11214/71.jpg	5
1	mlsp_dataset_int/faces112x11214/54.jpg	5
1	mlsp_dataset_int/faces112x11214/59.jpg	5
1	mlsp_dataset_int/faces112x11214/84.jpg	5
1	mlsp_dataset_int/faces112x11214/8.jpg	5
1	mlsp_dataset_int/faces112x11214/16.jpg	5
1	mlsp_dataset_int/faces112x11214/23.jpg	5
1	mlsp_dataset_int/faces112x11214/17.jpg	5
1	mlsp_dataset_int/faces112x11214/28.jpg	5
1	mlsp_dataset_int/faces112x11214/15.jpg	5
1	mlsp_dataset_int/faces112x11214/29.jpg	5
1	mlsp_dataset_int/faces112x11214/5.jpg	5
1	mlsp_dataset_int/faces112x11214/93.jpg	5
1	mlsp_dataset_int/faces112x11214/35.jpg	5
1	mlsp_dataset_int/faces112x11214/78.jpg	5
1	mlsp_dataset_int/faces112x11214/40.jpg	5
1	mlsp_dataset_int/faces112x11214/96.jpg	5
1	mlsp_dataset_int/faces112x11214/44.jpg	5
1	mlsp_dataset_int/faces112x11214/86.jpg	5
1	mlsp_dataset_int/faces112x11214/43.jpg	5
1	mlsp_dataset_int/faces112x11214/94.jpg	5
1	mlsp_dataset_int/faces112x11214/80.jpg	5
1	mlsp_dataset_int/faces112x11214/41.jpg	5
1	mlsp_dataset_int/faces112x11214/95.jpg	5
1	mlsp_dataset_int/faces112x11214/75.jpg	5
1	mlsp_dataset_int/faces112x11214/83.jpg	5
1	mlsp_dataset_int/faces112x11214/11.jpg	5
1	mlsp_dataset_int/faces112x11214/68.jpg	5
1	mlsp_dataset_int/faces112x11214/27.jpg	5
1	mlsp_dataset_int/faces112x11214/32.jpg	5
1	mlsp_dataset_int/faces112x11214/26.jpg	5
1	mlsp_dataset_int/faces112x11214/7.jpg	5
1	mlsp_dataset_int/faces112x11214/79.jpg	5
1	mlsp_dataset_int/faces112x11214/67.jpg	5
1	mlsp_dataset_int/faces112x11214/14.jpg	5
1	mlsp_dataset_int/faces112x11214/39.jpg	5
1	mlsp_dataset_int/faces112x11214/58.jpg	5
1	mlsp_dataset_int/faces112x11214/34.jpg	5
1	mlsp_dataset_int/faces112x11214/0.jpg	5
1	mlsp_dataset_int/faces112x11214/45.jpg	5
1	mlsp_dataset_int/faces112x11214/87.jpg	5
1	mlsp_dataset_int/faces112x11214/90.jpg	5
1	mlsp_dataset_int/faces112x11214/92.jpg	5
1	mlsp_dataset_int/faces112x11214/63.jpg	5
1	mlsp_dataset_int/faces112x11214/74.jpg	5
1	mlsp_dataset_int/faces112x11214/13.jpg	5
1	mlsp_dataset_int/faces112x11214/51.jpg	5
1	mlsp_dataset_int/faces112x11214/22.jpg	5
1	mlsp_dataset_int/faces112x11214/42.jpg	5
1	mlsp_dataset_int/faces112x11214/12.jpg	5
1	mlsp_dataset_int/faces112x11214/98.jpg	5
1	mlsp_dataset_int/faces112x11214/65.jpg	5
1	mlsp_dataset_int/faces112x11214/1.jpg	5
1	mlsp_dataset_int/faces112x11214/48.jpg	5
1	mlsp_dataset_int/faces112x11214/100.jpg	5
1	mlsp_dataset_int/faces112x11214/49.jpg	5
1	mlsp_dataset_int/faces112x11214/10.jpg	5
1	mlsp_dataset_int/faces112x11214/66.jpg	5
1	mlsp_dataset_int/faces112x11214/21.jpg	5
1	mlsp_dataset_int/faces112x11223/73.jpg	6
1	mlsp_dataset_int/faces112x11223/50.jpg	6
1	mlsp_dataset_int/faces112x11223/19.jpg	6
1	mlsp_dataset_int/faces112x11223/4.jpg	6
1	mlsp_dataset_int/faces112x11223/2.jpg	6
1	mlsp_dataset_int/faces112x11223/61.jpg	6
1	mlsp_dataset_int/faces112x11223/72.jpg	6
1	mlsp_dataset_int/faces112x11223/60.jpg	6
1	mlsp_dataset_int/faces112x11223/64.jpg	6
1	mlsp_dataset_int/faces112x11223/38.jpg	6
1	mlsp_dataset_int/faces112x11223/24.jpg	6
1	mlsp_dataset_int/faces112x11223/77.jpg	6
1	mlsp_dataset_int/faces112x11223/37.jpg	6
1	mlsp_dataset_int/faces112x11223/30.jpg	6
1	mlsp_dataset_int/faces112x11223/52.jpg	6
1	mlsp_dataset_int/faces112x11223/47.jpg	6
1	mlsp_dataset_int/faces112x11223/9.jpg	6
1	mlsp_dataset_int/faces112x11223/33.jpg	6
1	mlsp_dataset_int/faces112x11223/57.jpg	6
1	mlsp_dataset_int/faces112x11223/76.jpg	6
1	mlsp_dataset_int/faces112x11223/81.jpg	6
1	mlsp_dataset_int/faces112x11223/55.jpg	6
1	mlsp_dataset_int/faces112x11223/6.jpg	6
1	mlsp_dataset_int/faces112x11223/62.jpg	6
1	mlsp_dataset_int/faces112x11223/3.jpg	6
1	mlsp_dataset_int/faces112x11223/70.jpg	6
1	mlsp_dataset_int/faces112x11223/31.jpg	6
1	mlsp_dataset_int/faces112x11223/25.jpg	6
1	mlsp_dataset_int/faces112x11223/46.jpg	6
1	mlsp_dataset_int/faces112x11223/69.jpg	6
1	mlsp_dataset_int/faces112x11223/56.jpg	6
1	mlsp_dataset_int/faces112x11223/53.jpg	6
1	mlsp_dataset_int/faces112x11223/36.jpg	6
1	mlsp_dataset_int/faces112x11223/20.jpg	6
1	mlsp_dataset_int/faces112x11223/18.jpg	6
1	mlsp_dataset_int/faces112x11223/71.jpg	6
1	mlsp_dataset_int/faces112x11223/54.jpg	6
1	mlsp_dataset_int/faces112x11223/59.jpg	6
1	mlsp_dataset_int/faces112x11223/8.jpg	6
1	mlsp_dataset_int/faces112x11223/16.jpg	6
1	mlsp_dataset_int/faces112x11223/23.jpg	6
1	mlsp_dataset_int/faces112x11223/17.jpg	6
1	mlsp_dataset_int/faces112x11223/28.jpg	6
1	mlsp_dataset_int/faces112x11223/15.jpg	6
1	mlsp_dataset_int/faces112x11223/29.jpg	6
1	mlsp_dataset_int/faces112x11223/5.jpg	6
1	mlsp_dataset_int/faces112x11223/35.jpg	6
1	mlsp_dataset_int/faces112x11223/78.jpg	6
1	mlsp_dataset_int/faces112x11223/40.jpg	6
1	mlsp_dataset_int/faces112x11223/44.jpg	6
1	mlsp_dataset_int/faces112x11223/43.jpg	6
1	mlsp_dataset_int/faces112x11223/80.jpg	6
1	mlsp_dataset_int/faces112x11223/41.jpg	6
1	mlsp_dataset_int/faces112x11223/75.jpg	6
1	mlsp_dataset_int/faces112x11223/11.jpg	6
1	mlsp_dataset_int/faces112x11223/68.jpg	6
1	mlsp_dataset_int/faces112x11223/27.jpg	6
1	mlsp_dataset_int/faces112x11223/32.jpg	6
1	mlsp_dataset_int/faces112x11223/26.jpg	6
1	mlsp_dataset_int/faces112x11223/7.jpg	6
1	mlsp_dataset_int/faces112x11223/79.jpg	6
1	mlsp_dataset_int/faces112x11223/67.jpg	6
1	mlsp_dataset_int/faces112x11223/14.jpg	6
1	mlsp_dataset_int/faces112x11223/39.jpg	6
1	mlsp_dataset_int/faces112x11223/58.jpg	6
1	mlsp_dataset_int/faces112x11223/34.jpg	6
1	mlsp_dataset_int/faces112x11223/0.jpg	6
1	mlsp_dataset_int/faces112x11223/45.jpg	6
1	mlsp_dataset_int/faces112x11223/63.jpg	6
1	mlsp_dataset_int/faces112x11223/74.jpg	6
1	mlsp_dataset_int/faces112x11223/13.jpg	6
1	mlsp_dataset_int/faces112x11223/51.jpg	6
1	mlsp_dataset_int/faces112x11223/22.jpg	6
1	mlsp_dataset_int/faces112x11223/42.jpg	6
1	mlsp_dataset_int/faces112x11223/12.jpg	6
1	mlsp_dataset_int/faces112x11223/65.jpg	6
1	mlsp_dataset_int/faces112x11223/1.jpg	6
1	mlsp_dataset_int/faces112x11223/48.jpg	6
1	mlsp_dataset_int/faces112x11223/49.jpg	6
1	mlsp_dataset_int/faces112x11223/10.jpg	6
1	mlsp_dataset_int/faces112x11223/66.jpg	6
1	mlsp_dataset_int/faces112x11223/21.jpg	6
1	mlsp_dataset_int/faces112x11224/73.jpg	7
1	mlsp_dataset_int/faces112x11224/50.jpg	7
1	mlsp_dataset_int/faces112x11224/19.jpg	7
1	mlsp_dataset_int/faces112x11224/4.jpg	7
1	mlsp_dataset_int/faces112x11224/2.jpg	7
1	mlsp_dataset_int/faces112x11224/61.jpg	7
1	mlsp_dataset_int/faces112x11224/72.jpg	7
1	mlsp_dataset_int/faces112x11224/60.jpg	7
1	mlsp_dataset_int/faces112x11224/64.jpg	7
1	mlsp_dataset_int/faces112x11224/38.jpg	7
1	mlsp_dataset_int/faces112x11224/24.jpg	7
1	mlsp_dataset_int/faces112x11224/77.jpg	7
1	mlsp_dataset_int/faces112x11224/85.jpg	7
1	mlsp_dataset_int/faces112x11224/37.jpg	7
1	mlsp_dataset_int/faces112x11224/30.jpg	7
1	mlsp_dataset_int/faces112x11224/52.jpg	7
1	mlsp_dataset_int/faces112x11224/47.jpg	7
1	mlsp_dataset_int/faces112x11224/9.jpg	7
1	mlsp_dataset_int/faces112x11224/88.jpg	7
1	mlsp_dataset_int/faces112x11224/33.jpg	7
1	mlsp_dataset_int/faces112x11224/57.jpg	7
1	mlsp_dataset_int/faces112x11224/76.jpg	7
1	mlsp_dataset_int/faces112x11224/89.jpg	7
1	mlsp_dataset_int/faces112x11224/81.jpg	7
1	mlsp_dataset_int/faces112x11224/82.jpg	7
1	mlsp_dataset_int/faces112x11224/55.jpg	7
1	mlsp_dataset_int/faces112x11224/6.jpg	7
1	mlsp_dataset_int/faces112x11224/62.jpg	7
1	mlsp_dataset_int/faces112x11224/3.jpg	7
1	mlsp_dataset_int/faces112x11224/91.jpg	7
1	mlsp_dataset_int/faces112x11224/70.jpg	7
1	mlsp_dataset_int/faces112x11224/31.jpg	7
1	mlsp_dataset_int/faces112x11224/25.jpg	7
1	mlsp_dataset_int/faces112x11224/46.jpg	7
1	mlsp_dataset_int/faces112x11224/69.jpg	7
1	mlsp_dataset_int/faces112x11224/56.jpg	7
1	mlsp_dataset_int/faces112x11224/53.jpg	7
1	mlsp_dataset_int/faces112x11224/36.jpg	7
1	mlsp_dataset_int/faces112x11224/20.jpg	7
1	mlsp_dataset_int/faces112x11224/18.jpg	7
1	mlsp_dataset_int/faces112x11224/71.jpg	7
1	mlsp_dataset_int/faces112x11224/54.jpg	7
1	mlsp_dataset_int/faces112x11224/59.jpg	7
1	mlsp_dataset_int/faces112x11224/84.jpg	7
1	mlsp_dataset_int/faces112x11224/8.jpg	7
1	mlsp_dataset_int/faces112x11224/16.jpg	7
1	mlsp_dataset_int/faces112x11224/23.jpg	7
1	mlsp_dataset_int/faces112x11224/17.jpg	7
1	mlsp_dataset_int/faces112x11224/28.jpg	7
1	mlsp_dataset_int/faces112x11224/15.jpg	7
1	mlsp_dataset_int/faces112x11224/29.jpg	7
1	mlsp_dataset_int/faces112x11224/5.jpg	7
1	mlsp_dataset_int/faces112x11224/93.jpg	7
1	mlsp_dataset_int/faces112x11224/35.jpg	7
1	mlsp_dataset_int/faces112x11224/78.jpg	7
1	mlsp_dataset_int/faces112x11224/40.jpg	7
1	mlsp_dataset_int/faces112x11224/44.jpg	7
1	mlsp_dataset_int/faces112x11224/86.jpg	7
1	mlsp_dataset_int/faces112x11224/43.jpg	7
1	mlsp_dataset_int/faces112x11224/94.jpg	7
1	mlsp_dataset_int/faces112x11224/80.jpg	7
1	mlsp_dataset_int/faces112x11224/41.jpg	7
1	mlsp_dataset_int/faces112x11224/95.jpg	7
1	mlsp_dataset_int/faces112x11224/75.jpg	7
1	mlsp_dataset_int/faces112x11224/83.jpg	7
1	mlsp_dataset_int/faces112x11224/11.jpg	7
1	mlsp_dataset_int/faces112x11224/68.jpg	7
1	mlsp_dataset_int/faces112x11224/27.jpg	7
1	mlsp_dataset_int/faces112x11224/32.jpg	7
1	mlsp_dataset_int/faces112x11224/26.jpg	7
1	mlsp_dataset_int/faces112x11224/7.jpg	7
1	mlsp_dataset_int/faces112x11224/79.jpg	7
1	mlsp_dataset_int/faces112x11224/67.jpg	7
1	mlsp_dataset_int/faces112x11224/14.jpg	7
1	mlsp_dataset_int/faces112x11224/39.jpg	7
1	mlsp_dataset_int/faces112x11224/58.jpg	7
1	mlsp_dataset_int/faces112x11224/34.jpg	7
1	mlsp_dataset_int/faces112x11224/0.jpg	7
1	mlsp_dataset_int/faces112x11224/45.jpg	7
1	mlsp_dataset_int/faces112x11224/87.jpg	7
1	mlsp_dataset_int/faces112x11224/90.jpg	7
1	mlsp_dataset_int/faces112x11224/92.jpg	7
1	mlsp_dataset_int/faces112x11224/63.jpg	7
1	mlsp_dataset_int/faces112x11224/74.jpg	7
1	mlsp_dataset_int/faces112x11224/13.jpg	7
1	mlsp_dataset_int/faces112x11224/51.jpg	7
1	mlsp_dataset_int/faces112x11224/22.jpg	7
1	mlsp_dataset_int/faces112x11224/42.jpg	7
1	mlsp_dataset_int/faces112x11224/12.jpg	7
1	mlsp_dataset_int/faces112x11224/65.jpg	7
1	mlsp_dataset_int/faces112x11224/1.jpg	7
1	mlsp_dataset_int/faces112x11224/48.jpg	7
1	mlsp_dataset_int/faces112x11224/49.jpg	7
1	mlsp_dataset_int/faces112x11224/10.jpg	7
1	mlsp_dataset_int/faces112x11224/66.jpg	7
1	mlsp_dataset_int/faces112x11224/21.jpg	7
1	mlsp_dataset_int/faces112x11213/73.jpg	8
1	mlsp_dataset_int/faces112x11213/50.jpg	8
1	mlsp_dataset_int/faces112x11213/19.jpg	8
1	mlsp_dataset_int/faces112x11213/4.jpg	8
1	mlsp_dataset_int/faces112x11213/2.jpg	8
1	mlsp_dataset_int/faces112x11213/61.jpg	8
1	mlsp_dataset_int/faces112x11213/72.jpg	8
1	mlsp_dataset_int/faces112x11213/60.jpg	8
1	mlsp_dataset_int/faces112x11213/64.jpg	8
1	mlsp_dataset_int/faces112x11213/38.jpg	8
1	mlsp_dataset_int/faces112x11213/24.jpg	8
1	mlsp_dataset_int/faces112x11213/77.jpg	8
1	mlsp_dataset_int/faces112x11213/85.jpg	8
1	mlsp_dataset_int/faces112x11213/37.jpg	8
1	mlsp_dataset_int/faces112x11213/30.jpg	8
1	mlsp_dataset_int/faces112x11213/52.jpg	8
1	mlsp_dataset_int/faces112x11213/47.jpg	8
1	mlsp_dataset_int/faces112x11213/9.jpg	8
1	mlsp_dataset_int/faces112x11213/88.jpg	8
1	mlsp_dataset_int/faces112x11213/33.jpg	8
1	mlsp_dataset_int/faces112x11213/57.jpg	8
1	mlsp_dataset_int/faces112x11213/76.jpg	8
1	mlsp_dataset_int/faces112x11213/89.jpg	8
1	mlsp_dataset_int/faces112x11213/81.jpg	8
1	mlsp_dataset_int/faces112x11213/82.jpg	8
1	mlsp_dataset_int/faces112x11213/55.jpg	8
1	mlsp_dataset_int/faces112x11213/6.jpg	8
1	mlsp_dataset_int/faces112x11213/62.jpg	8
1	mlsp_dataset_int/faces112x11213/3.jpg	8
1	mlsp_dataset_int/faces112x11213/91.jpg	8
1	mlsp_dataset_int/faces112x11213/70.jpg	8
1	mlsp_dataset_int/faces112x11213/31.jpg	8
1	mlsp_dataset_int/faces112x11213/25.jpg	8
1	mlsp_dataset_int/faces112x11213/46.jpg	8
1	mlsp_dataset_int/faces112x11213/69.jpg	8
1	mlsp_dataset_int/faces112x11213/56.jpg	8
1	mlsp_dataset_int/faces112x11213/53.jpg	8
1	mlsp_dataset_int/faces112x11213/36.jpg	8
1	mlsp_dataset_int/faces112x11213/20.jpg	8
1	mlsp_dataset_int/faces112x11213/18.jpg	8
1	mlsp_dataset_int/faces112x11213/71.jpg	8
1	mlsp_dataset_int/faces112x11213/54.jpg	8
1	mlsp_dataset_int/faces112x11213/59.jpg	8
1	mlsp_dataset_int/faces112x11213/84.jpg	8
1	mlsp_dataset_int/faces112x11213/8.jpg	8
1	mlsp_dataset_int/faces112x11213/16.jpg	8
1	mlsp_dataset_int/faces112x11213/23.jpg	8
1	mlsp_dataset_int/faces112x11213/17.jpg	8
1	mlsp_dataset_int/faces112x11213/28.jpg	8
1	mlsp_dataset_int/faces112x11213/15.jpg	8
1	mlsp_dataset_int/faces112x11213/29.jpg	8
1	mlsp_dataset_int/faces112x11213/5.jpg	8
1	mlsp_dataset_int/faces112x11213/93.jpg	8
1	mlsp_dataset_int/faces112x11213/35.jpg	8
1	mlsp_dataset_int/faces112x11213/78.jpg	8
1	mlsp_dataset_int/faces112x11213/40.jpg	8
1	mlsp_dataset_int/faces112x11213/44.jpg	8
1	mlsp_dataset_int/faces112x11213/86.jpg	8
1	mlsp_dataset_int/faces112x11213/43.jpg	8
1	mlsp_dataset_int/faces112x11213/94.jpg	8
1	mlsp_dataset_int/faces112x11213/80.jpg	8
1	mlsp_dataset_int/faces112x11213/41.jpg	8
1	mlsp_dataset_int/faces112x11213/75.jpg	8
1	mlsp_dataset_int/faces112x11213/83.jpg	8
1	mlsp_dataset_int/faces112x11213/11.jpg	8
1	mlsp_dataset_int/faces112x11213/68.jpg	8
1	mlsp_dataset_int/faces112x11213/27.jpg	8
1	mlsp_dataset_int/faces112x11213/32.jpg	8
1	mlsp_dataset_int/faces112x11213/26.jpg	8
1	mlsp_dataset_int/faces112x11213/7.jpg	8
1	mlsp_dataset_int/faces112x11213/79.jpg	8
1	mlsp_dataset_int/faces112x11213/67.jpg	8
1	mlsp_dataset_int/faces112x11213/14.jpg	8
1	mlsp_dataset_int/faces112x11213/39.jpg	8
1	mlsp_dataset_int/faces112x11213/58.jpg	8
1	mlsp_dataset_int/faces112x11213/34.jpg	8
1	mlsp_dataset_int/faces112x11213/0.jpg	8
1	mlsp_dataset_int/faces112x11213/45.jpg	8
1	mlsp_dataset_int/faces112x11213/87.jpg	8
1	mlsp_dataset_int/faces112x11213/90.jpg	8
1	mlsp_dataset_int/faces112x11213/92.jpg	8
1	mlsp_dataset_int/faces112x11213/63.jpg	8
1	mlsp_dataset_int/faces112x11213/74.jpg	8
1	mlsp_dataset_int/faces112x11213/13.jpg	8
1	mlsp_dataset_int/faces112x11213/51.jpg	8
1	mlsp_dataset_int/faces112x11213/22.jpg	8
1	mlsp_dataset_int/faces112x11213/42.jpg	8
1	mlsp_dataset_int/faces112x11213/12.jpg	8
1	mlsp_dataset_int/faces112x11213/65.jpg	8
1	mlsp_dataset_int/faces112x11213/1.jpg	8
1	mlsp_dataset_int/faces112x11213/48.jpg	8
1	mlsp_dataset_int/faces112x11213/49.jpg	8
1	mlsp_dataset_int/faces112x11213/10.jpg	8
1	mlsp_dataset_int/faces112x11213/66.jpg	8
1	mlsp_dataset_int/faces112x11213/21.jpg	8
1	mlsp_dataset_int/faces112x11211/73.jpg	9
1	mlsp_dataset_int/faces112x11211/50.jpg	9
1	mlsp_dataset_int/faces112x11211/19.jpg	9
1	mlsp_dataset_int/faces112x11211/4.jpg	9
1	mlsp_dataset_int/faces112x11211/2.jpg	9
1	mlsp_dataset_int/faces112x11211/61.jpg	9
1	mlsp_dataset_int/faces112x11211/72.jpg	9
1	mlsp_dataset_int/faces112x11211/60.jpg	9
1	mlsp_dataset_int/faces112x11211/64.jpg	9
1	mlsp_dataset_int/faces112x11211/38.jpg	9
1	mlsp_dataset_int/faces112x11211/24.jpg	9
1	mlsp_dataset_int/faces112x11211/77.jpg	9
1	mlsp_dataset_int/faces112x11211/85.jpg	9
1	mlsp_dataset_int/faces112x11211/37.jpg	9
1	mlsp_dataset_int/faces112x11211/30.jpg	9
1	mlsp_dataset_int/faces112x11211/52.jpg	9
1	mlsp_dataset_int/faces112x11211/47.jpg	9
1	mlsp_dataset_int/faces112x11211/9.jpg	9
1	mlsp_dataset_int/faces112x11211/88.jpg	9
1	mlsp_dataset_int/faces112x11211/33.jpg	9
1	mlsp_dataset_int/faces112x11211/57.jpg	9
1	mlsp_dataset_int/faces112x11211/76.jpg	9
1	mlsp_dataset_int/faces112x11211/89.jpg	9
1	mlsp_dataset_int/faces112x11211/81.jpg	9
1	mlsp_dataset_int/faces112x11211/82.jpg	9
1	mlsp_dataset_int/faces112x11211/55.jpg	9
1	mlsp_dataset_int/faces112x11211/6.jpg	9
1	mlsp_dataset_int/faces112x11211/62.jpg	9
1	mlsp_dataset_int/faces112x11211/3.jpg	9
1	mlsp_dataset_int/faces112x11211/70.jpg	9
1	mlsp_dataset_int/faces112x11211/31.jpg	9
1	mlsp_dataset_int/faces112x11211/25.jpg	9
1	mlsp_dataset_int/faces112x11211/46.jpg	9
1	mlsp_dataset_int/faces112x11211/69.jpg	9
1	mlsp_dataset_int/faces112x11211/56.jpg	9
1	mlsp_dataset_int/faces112x11211/53.jpg	9
1	mlsp_dataset_int/faces112x11211/36.jpg	9
1	mlsp_dataset_int/faces112x11211/20.jpg	9
1	mlsp_dataset_int/faces112x11211/18.jpg	9
1	mlsp_dataset_int/faces112x11211/71.jpg	9
1	mlsp_dataset_int/faces112x11211/54.jpg	9
1	mlsp_dataset_int/faces112x11211/59.jpg	9
1	mlsp_dataset_int/faces112x11211/84.jpg	9
1	mlsp_dataset_int/faces112x11211/8.jpg	9
1	mlsp_dataset_int/faces112x11211/16.jpg	9
1	mlsp_dataset_int/faces112x11211/23.jpg	9
1	mlsp_dataset_int/faces112x11211/17.jpg	9
1	mlsp_dataset_int/faces112x11211/28.jpg	9
1	mlsp_dataset_int/faces112x11211/15.jpg	9
1	mlsp_dataset_int/faces112x11211/29.jpg	9
1	mlsp_dataset_int/faces112x11211/5.jpg	9
1	mlsp_dataset_int/faces112x11211/35.jpg	9
1	mlsp_dataset_int/faces112x11211/78.jpg	9
1	mlsp_dataset_int/faces112x11211/40.jpg	9
1	mlsp_dataset_int/faces112x11211/44.jpg	9
1	mlsp_dataset_int/faces112x11211/86.jpg	9
1	mlsp_dataset_int/faces112x11211/43.jpg	9
1	mlsp_dataset_int/faces112x11211/80.jpg	9
1	mlsp_dataset_int/faces112x11211/41.jpg	9
1	mlsp_dataset_int/faces112x11211/75.jpg	9
1	mlsp_dataset_int/faces112x11211/83.jpg	9
1	mlsp_dataset_int/faces112x11211/11.jpg	9
1	mlsp_dataset_int/faces112x11211/68.jpg	9
1	mlsp_dataset_int/faces112x11211/27.jpg	9
1	mlsp_dataset_int/faces112x11211/32.jpg	9
1	mlsp_dataset_int/faces112x11211/26.jpg	9
1	mlsp_dataset_int/faces112x11211/7.jpg	9
1	mlsp_dataset_int/faces112x11211/79.jpg	9
1	mlsp_dataset_int/faces112x11211/67.jpg	9
1	mlsp_dataset_int/faces112x11211/14.jpg	9
1	mlsp_dataset_int/faces112x11211/39.jpg	9
1	mlsp_dataset_int/faces112x11211/58.jpg	9
1	mlsp_dataset_int/faces112x11211/34.jpg	9
1	mlsp_dataset_int/faces112x11211/0.jpg	9
1	mlsp_dataset_int/faces112x11211/45.jpg	9
1	mlsp_dataset_int/faces112x11211/87.jpg	9
1	mlsp_dataset_int/faces112x11211/90.jpg	9
1	mlsp_dataset_int/faces112x11211/63.jpg	9
1	mlsp_dataset_int/faces112x11211/74.jpg	9
1	mlsp_dataset_int/faces112x11211/13.jpg	9
1	mlsp_dataset_int/faces112x11211/51.jpg	9
1	mlsp_dataset_int/faces112x11211/22.jpg	9
1	mlsp_dataset_int/faces112x11211/42.jpg	9
1	mlsp_dataset_int/faces112x11211/12.jpg	9
1	mlsp_dataset_int/faces112x11211/65.jpg	9
1	mlsp_dataset_int/faces112x11211/1.jpg	9
1	mlsp_dataset_int/faces112x11211/48.jpg	9
1	mlsp_dataset_int/faces112x11211/49.jpg	9
1	mlsp_dataset_int/faces112x11211/10.jpg	9
1	mlsp_dataset_int/faces112x11211/66.jpg	9
1	mlsp_dataset_int/faces112x11211/21.jpg	9
1	mlsp_dataset_int/faces112x11219/73.jpg	10
1	mlsp_dataset_int/faces112x11219/50.jpg	10
1	mlsp_dataset_int/faces112x11219/19.jpg	10
1	mlsp_dataset_int/faces112x11219/4.jpg	10
1	mlsp_dataset_int/faces112x11219/2.jpg	10
1	mlsp_dataset_int/faces112x11219/61.jpg	10
1	mlsp_dataset_int/faces112x11219/72.jpg	10
1	mlsp_dataset_int/faces112x11219/60.jpg	10
1	mlsp_dataset_int/faces112x11219/64.jpg	10
1	mlsp_dataset_int/faces112x11219/38.jpg	10
1	mlsp_dataset_int/faces112x11219/24.jpg	10
1	mlsp_dataset_int/faces112x11219/77.jpg	10
1	mlsp_dataset_int/faces112x11219/85.jpg	10
1	mlsp_dataset_int/faces112x11219/37.jpg	10
1	mlsp_dataset_int/faces112x11219/30.jpg	10
1	mlsp_dataset_int/faces112x11219/52.jpg	10
1	mlsp_dataset_int/faces112x11219/47.jpg	10
1	mlsp_dataset_int/faces112x11219/9.jpg	10
1	mlsp_dataset_int/faces112x11219/88.jpg	10
1	mlsp_dataset_int/faces112x11219/33.jpg	10
1	mlsp_dataset_int/faces112x11219/57.jpg	10
1	mlsp_dataset_int/faces112x11219/76.jpg	10
1	mlsp_dataset_int/faces112x11219/89.jpg	10
1	mlsp_dataset_int/faces112x11219/81.jpg	10
1	mlsp_dataset_int/faces112x11219/82.jpg	10
1	mlsp_dataset_int/faces112x11219/55.jpg	10
1	mlsp_dataset_int/faces112x11219/6.jpg	10
1	mlsp_dataset_int/faces112x11219/62.jpg	10
1	mlsp_dataset_int/faces112x11219/3.jpg	10
1	mlsp_dataset_int/faces112x11219/91.jpg	10
1	mlsp_dataset_int/faces112x11219/70.jpg	10
1	mlsp_dataset_int/faces112x11219/31.jpg	10
1	mlsp_dataset_int/faces112x11219/25.jpg	10
1	mlsp_dataset_int/faces112x11219/46.jpg	10
1	mlsp_dataset_int/faces112x11219/69.jpg	10
1	mlsp_dataset_int/faces112x11219/56.jpg	10
1	mlsp_dataset_int/faces112x11219/53.jpg	10
1	mlsp_dataset_int/faces112x11219/36.jpg	10
1	mlsp_dataset_int/faces112x11219/20.jpg	10
1	mlsp_dataset_int/faces112x11219/18.jpg	10
1	mlsp_dataset_int/faces112x11219/71.jpg	10
1	mlsp_dataset_int/faces112x11219/54.jpg	10
1	mlsp_dataset_int/faces112x11219/59.jpg	10
1	mlsp_dataset_int/faces112x11219/84.jpg	10
1	mlsp_dataset_int/faces112x11219/8.jpg	10
1	mlsp_dataset_int/faces112x11219/16.jpg	10
1	mlsp_dataset_int/faces112x11219/23.jpg	10
1	mlsp_dataset_int/faces112x11219/17.jpg	10
1	mlsp_dataset_int/faces112x11219/28.jpg	10
1	mlsp_dataset_int/faces112x11219/15.jpg	10
1	mlsp_dataset_int/faces112x11219/29.jpg	10
1	mlsp_dataset_int/faces112x11219/5.jpg	10
1	mlsp_dataset_int/faces112x11219/93.jpg	10
1	mlsp_dataset_int/faces112x11219/35.jpg	10
1	mlsp_dataset_int/faces112x11219/78.jpg	10
1	mlsp_dataset_int/faces112x11219/40.jpg	10
1	mlsp_dataset_int/faces112x11219/44.jpg	10
1	mlsp_dataset_int/faces112x11219/86.jpg	10
1	mlsp_dataset_int/faces112x11219/43.jpg	10
1	mlsp_dataset_int/faces112x11219/80.jpg	10
1	mlsp_dataset_int/faces112x11219/41.jpg	10
1	mlsp_dataset_int/faces112x11219/75.jpg	10
1	mlsp_dataset_int/faces112x11219/83.jpg	10
1	mlsp_dataset_int/faces112x11219/11.jpg	10
1	mlsp_dataset_int/faces112x11219/68.jpg	10
1	mlsp_dataset_int/faces112x11219/27.jpg	10
1	mlsp_dataset_int/faces112x11219/32.jpg	10
1	mlsp_dataset_int/faces112x11219/26.jpg	10
1	mlsp_dataset_int/faces112x11219/7.jpg	10
1	mlsp_dataset_int/faces112x11219/79.jpg	10
1	mlsp_dataset_int/faces112x11219/67.jpg	10
1	mlsp_dataset_int/faces112x11219/14.jpg	10
1	mlsp_dataset_int/faces112x11219/39.jpg	10
1	mlsp_dataset_int/faces112x11219/58.jpg	10
1	mlsp_dataset_int/faces112x11219/34.jpg	10
1	mlsp_dataset_int/faces112x11219/0.jpg	10
1	mlsp_dataset_int/faces112x11219/45.jpg	10
1	mlsp_dataset_int/faces112x11219/87.jpg	10
1	mlsp_dataset_int/faces112x11219/90.jpg	10
1	mlsp_dataset_int/faces112x11219/92.jpg	10
1	mlsp_dataset_int/faces112x11219/63.jpg	10
1	mlsp_dataset_int/faces112x11219/74.jpg	10
1	mlsp_dataset_int/faces112x11219/13.jpg	10
1	mlsp_dataset_int/faces112x11219/51.jpg	10
1	mlsp_dataset_int/faces112x11219/22.jpg	10
1	mlsp_dataset_int/faces112x11219/42.jpg	10
1	mlsp_dataset_int/faces112x11219/12.jpg	10
1	mlsp_dataset_int/faces112x11219/65.jpg	10
1	mlsp_dataset_int/faces112x11219/1.jpg	10
1	mlsp_dataset_int/faces112x11219/48.jpg	10
1	mlsp_dataset_int/faces112x11219/49.jpg	10
1	mlsp_dataset_int/faces112x11219/10.jpg	10
1	mlsp_dataset_int/faces112x11219/66.jpg	10
1	mlsp_dataset_int/faces112x11219/21.jpg	10
1	mlsp_dataset_int/faces112x1121/73.jpg	11
1	mlsp_dataset_int/faces112x1121/50.jpg	11
1	mlsp_dataset_int/faces112x1121/19.jpg	11
1	mlsp_dataset_int/faces112x1121/4.jpg	11
1	mlsp_dataset_int/faces112x1121/2.jpg	11
1	mlsp_dataset_int/faces112x1121/61.jpg	11
1	mlsp_dataset_int/faces112x1121/72.jpg	11
1	mlsp_dataset_int/faces112x1121/60.jpg	11
1	mlsp_dataset_int/faces112x1121/64.jpg	11
1	mlsp_dataset_int/faces112x1121/38.jpg	11
1	mlsp_dataset_int/faces112x1121/24.jpg	11
1	mlsp_dataset_int/faces112x1121/77.jpg	11
1	mlsp_dataset_int/faces112x1121/85.jpg	11
1	mlsp_dataset_int/faces112x1121/37.jpg	11
1	mlsp_dataset_int/faces112x1121/30.jpg	11
1	mlsp_dataset_int/faces112x1121/52.jpg	11
1	mlsp_dataset_int/faces112x1121/47.jpg	11
1	mlsp_dataset_int/faces112x1121/9.jpg	11
1	mlsp_dataset_int/faces112x1121/88.jpg	11
1	mlsp_dataset_int/faces112x1121/33.jpg	11
1	mlsp_dataset_int/faces112x1121/57.jpg	11
1	mlsp_dataset_int/faces112x1121/76.jpg	11
1	mlsp_dataset_int/faces112x1121/89.jpg	11
1	mlsp_dataset_int/faces112x1121/81.jpg	11
1	mlsp_dataset_int/faces112x1121/82.jpg	11
1	mlsp_dataset_int/faces112x1121/55.jpg	11
1	mlsp_dataset_int/faces112x1121/6.jpg	11
1	mlsp_dataset_int/faces112x1121/62.jpg	11
1	mlsp_dataset_int/faces112x1121/3.jpg	11
1	mlsp_dataset_int/faces112x1121/91.jpg	11
1	mlsp_dataset_int/faces112x1121/70.jpg	11
1	mlsp_dataset_int/faces112x1121/31.jpg	11
1	mlsp_dataset_int/faces112x1121/25.jpg	11
1	mlsp_dataset_int/faces112x1121/46.jpg	11
1	mlsp_dataset_int/faces112x1121/69.jpg	11
1	mlsp_dataset_int/faces112x1121/56.jpg	11
1	mlsp_dataset_int/faces112x1121/53.jpg	11
1	mlsp_dataset_int/faces112x1121/36.jpg	11
1	mlsp_dataset_int/faces112x1121/20.jpg	11
1	mlsp_dataset_int/faces112x1121/18.jpg	11
1	mlsp_dataset_int/faces112x1121/71.jpg	11
1	mlsp_dataset_int/faces112x1121/54.jpg	11
1	mlsp_dataset_int/faces112x1121/59.jpg	11
1	mlsp_dataset_int/faces112x1121/84.jpg	11
1	mlsp_dataset_int/faces112x1121/8.jpg	11
1	mlsp_dataset_int/faces112x1121/16.jpg	11
1	mlsp_dataset_int/faces112x1121/23.jpg	11
1	mlsp_dataset_int/faces112x1121/17.jpg	11
1	mlsp_dataset_int/faces112x1121/28.jpg	11
1	mlsp_dataset_int/faces112x1121/15.jpg	11
1	mlsp_dataset_int/faces112x1121/29.jpg	11
1	mlsp_dataset_int/faces112x1121/5.jpg	11
1	mlsp_dataset_int/faces112x1121/35.jpg	11
1	mlsp_dataset_int/faces112x1121/78.jpg	11
1	mlsp_dataset_int/faces112x1121/40.jpg	11
1	mlsp_dataset_int/faces112x1121/44.jpg	11
1	mlsp_dataset_int/faces112x1121/86.jpg	11
1	mlsp_dataset_int/faces112x1121/43.jpg	11
1	mlsp_dataset_int/faces112x1121/80.jpg	11
1	mlsp_dataset_int/faces112x1121/41.jpg	11
1	mlsp_dataset_int/faces112x1121/75.jpg	11
1	mlsp_dataset_int/faces112x1121/83.jpg	11
1	mlsp_dataset_int/faces112x1121/11.jpg	11
1	mlsp_dataset_int/faces112x1121/68.jpg	11
1	mlsp_dataset_int/faces112x1121/27.jpg	11
1	mlsp_dataset_int/faces112x1121/32.jpg	11
1	mlsp_dataset_int/faces112x1121/26.jpg	11
1	mlsp_dataset_int/faces112x1121/7.jpg	11
1	mlsp_dataset_int/faces112x1121/79.jpg	11
1	mlsp_dataset_int/faces112x1121/67.jpg	11
1	mlsp_dataset_int/faces112x1121/14.jpg	11
1	mlsp_dataset_int/faces112x1121/39.jpg	11
1	mlsp_dataset_int/faces112x1121/58.jpg	11
1	mlsp_dataset_int/faces112x1121/34.jpg	11
1	mlsp_dataset_int/faces112x1121/0.jpg	11
1	mlsp_dataset_int/faces112x1121/45.jpg	11
1	mlsp_dataset_int/faces112x1121/87.jpg	11
1	mlsp_dataset_int/faces112x1121/90.jpg	11
1	mlsp_dataset_int/faces112x1121/92.jpg	11
1	mlsp_dataset_int/faces112x1121/63.jpg	11
1	mlsp_dataset_int/faces112x1121/74.jpg	11
1	mlsp_dataset_int/faces112x1121/13.jpg	11
1	mlsp_dataset_int/faces112x1121/51.jpg	11
1	mlsp_dataset_int/faces112x1121/22.jpg	11
1	mlsp_dataset_int/faces112x1121/42.jpg	11
1	mlsp_dataset_int/faces112x1121/12.jpg	11
1	mlsp_dataset_int/faces112x1121/65.jpg	11
1	mlsp_dataset_int/faces112x1121/1.jpg	11
1	mlsp_dataset_int/faces112x1121/48.jpg	11
1	mlsp_dataset_int/faces112x1121/49.jpg	11
1	mlsp_dataset_int/faces112x1121/10.jpg	11
1	mlsp_dataset_int/faces112x1121/66.jpg	11
1	mlsp_dataset_int/faces112x1121/21.jpg	11
1	mlsp_dataset_int/faces112x1122/73.jpg	12
1	mlsp_dataset_int/faces112x1122/50.jpg	12
1	mlsp_dataset_int/faces112x1122/19.jpg	12
1	mlsp_dataset_int/faces112x1122/4.jpg	12
1	mlsp_dataset_int/faces112x1122/2.jpg	12
1	mlsp_dataset_int/faces112x1122/61.jpg	12
1	mlsp_dataset_int/faces112x1122/72.jpg	12
1	mlsp_dataset_int/faces112x1122/60.jpg	12
1	mlsp_dataset_int/faces112x1122/64.jpg	12
1	mlsp_dataset_int/faces112x1122/38.jpg	12
1	mlsp_dataset_int/faces112x1122/24.jpg	12
1	mlsp_dataset_int/faces112x1122/77.jpg	12
1	mlsp_dataset_int/faces112x1122/85.jpg	12
1	mlsp_dataset_int/faces112x1122/37.jpg	12
1	mlsp_dataset_int/faces112x1122/30.jpg	12
1	mlsp_dataset_int/faces112x1122/52.jpg	12
1	mlsp_dataset_int/faces112x1122/47.jpg	12
1	mlsp_dataset_int/faces112x1122/9.jpg	12
1	mlsp_dataset_int/faces112x1122/88.jpg	12
1	mlsp_dataset_int/faces112x1122/33.jpg	12
1	mlsp_dataset_int/faces112x1122/57.jpg	12
1	mlsp_dataset_int/faces112x1122/76.jpg	12
1	mlsp_dataset_int/faces112x1122/89.jpg	12
1	mlsp_dataset_int/faces112x1122/81.jpg	12
1	mlsp_dataset_int/faces112x1122/82.jpg	12
1	mlsp_dataset_int/faces112x1122/55.jpg	12
1	mlsp_dataset_int/faces112x1122/6.jpg	12
1	mlsp_dataset_int/faces112x1122/62.jpg	12
1	mlsp_dataset_int/faces112x1122/3.jpg	12
1	mlsp_dataset_int/faces112x1122/91.jpg	12
1	mlsp_dataset_int/faces112x1122/70.jpg	12
1	mlsp_dataset_int/faces112x1122/31.jpg	12
1	mlsp_dataset_int/faces112x1122/25.jpg	12
1	mlsp_dataset_int/faces112x1122/46.jpg	12
1	mlsp_dataset_int/faces112x1122/69.jpg	12
1	mlsp_dataset_int/faces112x1122/56.jpg	12
1	mlsp_dataset_int/faces112x1122/53.jpg	12
1	mlsp_dataset_int/faces112x1122/36.jpg	12
1	mlsp_dataset_int/faces112x1122/20.jpg	12
1	mlsp_dataset_int/faces112x1122/18.jpg	12
1	mlsp_dataset_int/faces112x1122/71.jpg	12
1	mlsp_dataset_int/faces112x1122/54.jpg	12
1	mlsp_dataset_int/faces112x1122/59.jpg	12
1	mlsp_dataset_int/faces112x1122/84.jpg	12
1	mlsp_dataset_int/faces112x1122/8.jpg	12
1	mlsp_dataset_int/faces112x1122/16.jpg	12
1	mlsp_dataset_int/faces112x1122/23.jpg	12
1	mlsp_dataset_int/faces112x1122/17.jpg	12
1	mlsp_dataset_int/faces112x1122/28.jpg	12
1	mlsp_dataset_int/faces112x1122/15.jpg	12
1	mlsp_dataset_int/faces112x1122/29.jpg	12
1	mlsp_dataset_int/faces112x1122/5.jpg	12
1	mlsp_dataset_int/faces112x1122/93.jpg	12
1	mlsp_dataset_int/faces112x1122/35.jpg	12
1	mlsp_dataset_int/faces112x1122/78.jpg	12
1	mlsp_dataset_int/faces112x1122/40.jpg	12
1	mlsp_dataset_int/faces112x1122/44.jpg	12
1	mlsp_dataset_int/faces112x1122/86.jpg	12
1	mlsp_dataset_int/faces112x1122/43.jpg	12
1	mlsp_dataset_int/faces112x1122/94.jpg	12
1	mlsp_dataset_int/faces112x1122/80.jpg	12
1	mlsp_dataset_int/faces112x1122/41.jpg	12
1	mlsp_dataset_int/faces112x1122/75.jpg	12
1	mlsp_dataset_int/faces112x1122/83.jpg	12
1	mlsp_dataset_int/faces112x1122/11.jpg	12
1	mlsp_dataset_int/faces112x1122/68.jpg	12
1	mlsp_dataset_int/faces112x1122/27.jpg	12
1	mlsp_dataset_int/faces112x1122/32.jpg	12
1	mlsp_dataset_int/faces112x1122/26.jpg	12
1	mlsp_dataset_int/faces112x1122/7.jpg	12
1	mlsp_dataset_int/faces112x1122/79.jpg	12
1	mlsp_dataset_int/faces112x1122/67.jpg	12
1	mlsp_dataset_int/faces112x1122/14.jpg	12
1	mlsp_dataset_int/faces112x1122/39.jpg	12
1	mlsp_dataset_int/faces112x1122/58.jpg	12
1	mlsp_dataset_int/faces112x1122/34.jpg	12
1	mlsp_dataset_int/faces112x1122/0.jpg	12
1	mlsp_dataset_int/faces112x1122/45.jpg	12
1	mlsp_dataset_int/faces112x1122/87.jpg	12
1	mlsp_dataset_int/faces112x1122/90.jpg	12
1	mlsp_dataset_int/faces112x1122/92.jpg	12
1	mlsp_dataset_int/faces112x1122/63.jpg	12
1	mlsp_dataset_int/faces112x1122/74.jpg	12
1	mlsp_dataset_int/faces112x1122/13.jpg	12
1	mlsp_dataset_int/faces112x1122/51.jpg	12
1	mlsp_dataset_int/faces112x1122/22.jpg	12
1	mlsp_dataset_int/faces112x1122/42.jpg	12
1	mlsp_dataset_int/faces112x1122/12.jpg	12
1	mlsp_dataset_int/faces112x1122/65.jpg	12
1	mlsp_dataset_int/faces112x1122/1.jpg	12
1	mlsp_dataset_int/faces112x1122/48.jpg	12
1	mlsp_dataset_int/faces112x1122/49.jpg	12
1	mlsp_dataset_int/faces112x1122/10.jpg	12
1	mlsp_dataset_int/faces112x1122/66.jpg	12
1	mlsp_dataset_int/faces112x1122/21.jpg	12
1	mlsp_dataset_int/faces112x11215/73.jpg	13
1	mlsp_dataset_int/faces112x11215/50.jpg	13
1	mlsp_dataset_int/faces112x11215/19.jpg	13
1	mlsp_dataset_int/faces112x11215/4.jpg	13
1	mlsp_dataset_int/faces112x11215/2.jpg	13
1	mlsp_dataset_int/faces112x11215/61.jpg	13
1	mlsp_dataset_int/faces112x11215/72.jpg	13
1	mlsp_dataset_int/faces112x11215/60.jpg	13
1	mlsp_dataset_int/faces112x11215/64.jpg	13
1	mlsp_dataset_int/faces112x11215/38.jpg	13
1	mlsp_dataset_int/faces112x11215/24.jpg	13
1	mlsp_dataset_int/faces112x11215/77.jpg	13
1	mlsp_dataset_int/faces112x11215/85.jpg	13
1	mlsp_dataset_int/faces112x11215/37.jpg	13
1	mlsp_dataset_int/faces112x11215/30.jpg	13
1	mlsp_dataset_int/faces112x11215/52.jpg	13
1	mlsp_dataset_int/faces112x11215/47.jpg	13
1	mlsp_dataset_int/faces112x11215/9.jpg	13
1	mlsp_dataset_int/faces112x11215/88.jpg	13
1	mlsp_dataset_int/faces112x11215/33.jpg	13
1	mlsp_dataset_int/faces112x11215/57.jpg	13
1	mlsp_dataset_int/faces112x11215/76.jpg	13
1	mlsp_dataset_int/faces112x11215/89.jpg	13
1	mlsp_dataset_int/faces112x11215/81.jpg	13
1	mlsp_dataset_int/faces112x11215/82.jpg	13
1	mlsp_dataset_int/faces112x11215/55.jpg	13
1	mlsp_dataset_int/faces112x11215/6.jpg	13
1	mlsp_dataset_int/faces112x11215/62.jpg	13
1	mlsp_dataset_int/faces112x11215/3.jpg	13
1	mlsp_dataset_int/faces112x11215/91.jpg	13
1	mlsp_dataset_int/faces112x11215/70.jpg	13
1	mlsp_dataset_int/faces112x11215/31.jpg	13
1	mlsp_dataset_int/faces112x11215/25.jpg	13
1	mlsp_dataset_int/faces112x11215/46.jpg	13
1	mlsp_dataset_int/faces112x11215/69.jpg	13
1	mlsp_dataset_int/faces112x11215/56.jpg	13
1	mlsp_dataset_int/faces112x11215/53.jpg	13
1	mlsp_dataset_int/faces112x11215/36.jpg	13
1	mlsp_dataset_int/faces112x11215/20.jpg	13
1	mlsp_dataset_int/faces112x11215/18.jpg	13
1	mlsp_dataset_int/faces112x11215/71.jpg	13
1	mlsp_dataset_int/faces112x11215/54.jpg	13
1	mlsp_dataset_int/faces112x11215/59.jpg	13
1	mlsp_dataset_int/faces112x11215/84.jpg	13
1	mlsp_dataset_int/faces112x11215/8.jpg	13
1	mlsp_dataset_int/faces112x11215/16.jpg	13
1	mlsp_dataset_int/faces112x11215/23.jpg	13
1	mlsp_dataset_int/faces112x11215/17.jpg	13
1	mlsp_dataset_int/faces112x11215/28.jpg	13
1	mlsp_dataset_int/faces112x11215/15.jpg	13
1	mlsp_dataset_int/faces112x11215/29.jpg	13
1	mlsp_dataset_int/faces112x11215/5.jpg	13
1	mlsp_dataset_int/faces112x11215/93.jpg	13
1	mlsp_dataset_int/faces112x11215/35.jpg	13
1	mlsp_dataset_int/faces112x11215/78.jpg	13
1	mlsp_dataset_int/faces112x11215/40.jpg	13
1	mlsp_dataset_int/faces112x11215/44.jpg	13
1	mlsp_dataset_int/faces112x11215/86.jpg	13
1	mlsp_dataset_int/faces112x11215/43.jpg	13
1	mlsp_dataset_int/faces112x11215/94.jpg	13
1	mlsp_dataset_int/faces112x11215/80.jpg	13
1	mlsp_dataset_int/faces112x11215/41.jpg	13
1	mlsp_dataset_int/faces112x11215/75.jpg	13
1	mlsp_dataset_int/faces112x11215/83.jpg	13
1	mlsp_dataset_int/faces112x11215/11.jpg	13
1	mlsp_dataset_int/faces112x11215/68.jpg	13
1	mlsp_dataset_int/faces112x11215/27.jpg	13
1	mlsp_dataset_int/faces112x11215/32.jpg	13
1	mlsp_dataset_int/faces112x11215/26.jpg	13
1	mlsp_dataset_int/faces112x11215/7.jpg	13
1	mlsp_dataset_int/faces112x11215/79.jpg	13
1	mlsp_dataset_int/faces112x11215/67.jpg	13
1	mlsp_dataset_int/faces112x11215/14.jpg	13
1	mlsp_dataset_int/faces112x11215/39.jpg	13
1	mlsp_dataset_int/faces112x11215/58.jpg	13
1	mlsp_dataset_int/faces112x11215/34.jpg	13
1	mlsp_dataset_int/faces112x11215/0.jpg	13
1	mlsp_dataset_int/faces112x11215/45.jpg	13
1	mlsp_dataset_int/faces112x11215/87.jpg	13
1	mlsp_dataset_int/faces112x11215/90.jpg	13
1	mlsp_dataset_int/faces112x11215/92.jpg	13
1	mlsp_dataset_int/faces112x11215/63.jpg	13
1	mlsp_dataset_int/faces112x11215/74.jpg	13
1	mlsp_dataset_int/faces112x11215/13.jpg	13
1	mlsp_dataset_int/faces112x11215/51.jpg	13
1	mlsp_dataset_int/faces112x11215/22.jpg	13
1	mlsp_dataset_int/faces112x11215/42.jpg	13
1	mlsp_dataset_int/faces112x11215/12.jpg	13
1	mlsp_dataset_int/faces112x11215/65.jpg	13
1	mlsp_dataset_int/faces112x11215/1.jpg	13
1	mlsp_dataset_int/faces112x11215/48.jpg	13
1	mlsp_dataset_int/faces112x11215/49.jpg	13
1	mlsp_dataset_int/faces112x11215/10.jpg	13
1	mlsp_dataset_int/faces112x11215/66.jpg	13
1	mlsp_dataset_int/faces112x11215/21.jpg	13
1	mlsp_dataset_int/faces112x1120/73.jpg	14
1	mlsp_dataset_int/faces112x1120/50.jpg	14
1	mlsp_dataset_int/faces112x1120/19.jpg	14
1	mlsp_dataset_int/faces112x1120/4.jpg	14
1	mlsp_dataset_int/faces112x1120/2.jpg	14
1	mlsp_dataset_int/faces112x1120/61.jpg	14
1	mlsp_dataset_int/faces112x1120/72.jpg	14
1	mlsp_dataset_int/faces112x1120/60.jpg	14
1	mlsp_dataset_int/faces112x1120/64.jpg	14
1	mlsp_dataset_int/faces112x1120/38.jpg	14
1	mlsp_dataset_int/faces112x1120/24.jpg	14
1	mlsp_dataset_int/faces112x1120/77.jpg	14
1	mlsp_dataset_int/faces112x1120/85.jpg	14
1	mlsp_dataset_int/faces112x1120/37.jpg	14
1	mlsp_dataset_int/faces112x1120/30.jpg	14
1	mlsp_dataset_int/faces112x1120/52.jpg	14
1	mlsp_dataset_int/faces112x1120/47.jpg	14
1	mlsp_dataset_int/faces112x1120/9.jpg	14
1	mlsp_dataset_int/faces112x1120/88.jpg	14
1	mlsp_dataset_int/faces112x1120/33.jpg	14
1	mlsp_dataset_int/faces112x1120/57.jpg	14
1	mlsp_dataset_int/faces112x1120/76.jpg	14
1	mlsp_dataset_int/faces112x1120/89.jpg	14
1	mlsp_dataset_int/faces112x1120/81.jpg	14
1	mlsp_dataset_int/faces112x1120/82.jpg	14
1	mlsp_dataset_int/faces112x1120/55.jpg	14
1	mlsp_dataset_int/faces112x1120/6.jpg	14
1	mlsp_dataset_int/faces112x1120/62.jpg	14
1	mlsp_dataset_int/faces112x1120/3.jpg	14
1	mlsp_dataset_int/faces112x1120/70.jpg	14
1	mlsp_dataset_int/faces112x1120/31.jpg	14
1	mlsp_dataset_int/faces112x1120/25.jpg	14
1	mlsp_dataset_int/faces112x1120/46.jpg	14
1	mlsp_dataset_int/faces112x1120/69.jpg	14
1	mlsp_dataset_int/faces112x1120/56.jpg	14
1	mlsp_dataset_int/faces112x1120/53.jpg	14
1	mlsp_dataset_int/faces112x1120/36.jpg	14
1	mlsp_dataset_int/faces112x1120/20.jpg	14
1	mlsp_dataset_int/faces112x1120/18.jpg	14
1	mlsp_dataset_int/faces112x1120/71.jpg	14
1	mlsp_dataset_int/faces112x1120/54.jpg	14
1	mlsp_dataset_int/faces112x1120/59.jpg	14
1	mlsp_dataset_int/faces112x1120/84.jpg	14
1	mlsp_dataset_int/faces112x1120/8.jpg	14
1	mlsp_dataset_int/faces112x1120/16.jpg	14
1	mlsp_dataset_int/faces112x1120/23.jpg	14
1	mlsp_dataset_int/faces112x1120/17.jpg	14
1	mlsp_dataset_int/faces112x1120/28.jpg	14
1	mlsp_dataset_int/faces112x1120/15.jpg	14
1	mlsp_dataset_int/faces112x1120/29.jpg	14
1	mlsp_dataset_int/faces112x1120/5.jpg	14
1	mlsp_dataset_int/faces112x1120/35.jpg	14
1	mlsp_dataset_int/faces112x1120/78.jpg	14
1	mlsp_dataset_int/faces112x1120/40.jpg	14
1	mlsp_dataset_int/faces112x1120/44.jpg	14
1	mlsp_dataset_int/faces112x1120/86.jpg	14
1	mlsp_dataset_int/faces112x1120/43.jpg	14
1	mlsp_dataset_int/faces112x1120/80.jpg	14
1	mlsp_dataset_int/faces112x1120/41.jpg	14
1	mlsp_dataset_int/faces112x1120/75.jpg	14
1	mlsp_dataset_int/faces112x1120/83.jpg	14
1	mlsp_dataset_int/faces112x1120/11.jpg	14
1	mlsp_dataset_int/faces112x1120/68.jpg	14
1	mlsp_dataset_int/faces112x1120/27.jpg	14
1	mlsp_dataset_int/faces112x1120/32.jpg	14
1	mlsp_dataset_int/faces112x1120/26.jpg	14
1	mlsp_dataset_int/faces112x1120/7.jpg	14
1	mlsp_dataset_int/faces112x1120/79.jpg	14
1	mlsp_dataset_int/faces112x1120/67.jpg	14
1	mlsp_dataset_int/faces112x1120/14.jpg	14
1	mlsp_dataset_int/faces112x1120/39.jpg	14
1	mlsp_dataset_int/faces112x1120/58.jpg	14
1	mlsp_dataset_int/faces112x1120/34.jpg	14
1	mlsp_dataset_int/faces112x1120/0.jpg	14
1	mlsp_dataset_int/faces112x1120/45.jpg	14
1	mlsp_dataset_int/faces112x1120/87.jpg	14
1	mlsp_dataset_int/faces112x1120/63.jpg	14
1	mlsp_dataset_int/faces112x1120/74.jpg	14
1	mlsp_dataset_int/faces112x1120/13.jpg	14
1	mlsp_dataset_int/faces112x1120/51.jpg	14
1	mlsp_dataset_int/faces112x1120/22.jpg	14
1	mlsp_dataset_int/faces112x1120/42.jpg	14
1	mlsp_dataset_int/faces112x1120/12.jpg	14
1	mlsp_dataset_int/faces112x1120/65.jpg	14
1	mlsp_dataset_int/faces112x1120/1.jpg	14
1	mlsp_dataset_int/faces112x1120/48.jpg	14
1	mlsp_dataset_int/faces112x1120/49.jpg	14
1	mlsp_dataset_int/faces112x1120/10.jpg	14
1	mlsp_dataset_int/faces112x1120/66.jpg	14
1	mlsp_dataset_int/faces112x1120/21.jpg	14
1	mlsp_dataset_int/faces112x11221/73.jpg	15
1	mlsp_dataset_int/faces112x11221/50.jpg	15
1	mlsp_dataset_int/faces112x11221/19.jpg	15
1	mlsp_dataset_int/faces112x11221/4.jpg	15
1	mlsp_dataset_int/faces112x11221/2.jpg	15
1	mlsp_dataset_int/faces112x11221/61.jpg	15
1	mlsp_dataset_int/faces112x11221/72.jpg	15
1	mlsp_dataset_int/faces112x11221/60.jpg	15
1	mlsp_dataset_int/faces112x11221/64.jpg	15
1	mlsp_dataset_int/faces112x11221/38.jpg	15
1	mlsp_dataset_int/faces112x11221/24.jpg	15
1	mlsp_dataset_int/faces112x11221/77.jpg	15
1	mlsp_dataset_int/faces112x11221/85.jpg	15
1	mlsp_dataset_int/faces112x11221/37.jpg	15
1	mlsp_dataset_int/faces112x11221/30.jpg	15
1	mlsp_dataset_int/faces112x11221/52.jpg	15
1	mlsp_dataset_int/faces112x11221/47.jpg	15
1	mlsp_dataset_int/faces112x11221/9.jpg	15
1	mlsp_dataset_int/faces112x11221/88.jpg	15
1	mlsp_dataset_int/faces112x11221/33.jpg	15
1	mlsp_dataset_int/faces112x11221/57.jpg	15
1	mlsp_dataset_int/faces112x11221/76.jpg	15
1	mlsp_dataset_int/faces112x11221/89.jpg	15
1	mlsp_dataset_int/faces112x11221/81.jpg	15
1	mlsp_dataset_int/faces112x11221/82.jpg	15
1	mlsp_dataset_int/faces112x11221/55.jpg	15
1	mlsp_dataset_int/faces112x11221/6.jpg	15
1	mlsp_dataset_int/faces112x11221/62.jpg	15
1	mlsp_dataset_int/faces112x11221/3.jpg	15
1	mlsp_dataset_int/faces112x11221/91.jpg	15
1	mlsp_dataset_int/faces112x11221/70.jpg	15
1	mlsp_dataset_int/faces112x11221/31.jpg	15
1	mlsp_dataset_int/faces112x11221/25.jpg	15
1	mlsp_dataset_int/faces112x11221/46.jpg	15
1	mlsp_dataset_int/faces112x11221/69.jpg	15
1	mlsp_dataset_int/faces112x11221/56.jpg	15
1	mlsp_dataset_int/faces112x11221/53.jpg	15
1	mlsp_dataset_int/faces112x11221/36.jpg	15
1	mlsp_dataset_int/faces112x11221/20.jpg	15
1	mlsp_dataset_int/faces112x11221/18.jpg	15
1	mlsp_dataset_int/faces112x11221/71.jpg	15
1	mlsp_dataset_int/faces112x11221/54.jpg	15
1	mlsp_dataset_int/faces112x11221/59.jpg	15
1	mlsp_dataset_int/faces112x11221/84.jpg	15
1	mlsp_dataset_int/faces112x11221/8.jpg	15
1	mlsp_dataset_int/faces112x11221/16.jpg	15
1	mlsp_dataset_int/faces112x11221/23.jpg	15
1	mlsp_dataset_int/faces112x11221/17.jpg	15
1	mlsp_dataset_int/faces112x11221/28.jpg	15
1	mlsp_dataset_int/faces112x11221/15.jpg	15
1	mlsp_dataset_int/faces112x11221/29.jpg	15
1	mlsp_dataset_int/faces112x11221/5.jpg	15
1	mlsp_dataset_int/faces112x11221/93.jpg	15
1	mlsp_dataset_int/faces112x11221/35.jpg	15
1	mlsp_dataset_int/faces112x11221/78.jpg	15
1	mlsp_dataset_int/faces112x11221/40.jpg	15
1	mlsp_dataset_int/faces112x11221/44.jpg	15
1	mlsp_dataset_int/faces112x11221/86.jpg	15
1	mlsp_dataset_int/faces112x11221/43.jpg	15
1	mlsp_dataset_int/faces112x11221/80.jpg	15
1	mlsp_dataset_int/faces112x11221/41.jpg	15
1	mlsp_dataset_int/faces112x11221/75.jpg	15
1	mlsp_dataset_int/faces112x11221/83.jpg	15
1	mlsp_dataset_int/faces112x11221/11.jpg	15
1	mlsp_dataset_int/faces112x11221/68.jpg	15
1	mlsp_dataset_int/faces112x11221/27.jpg	15
1	mlsp_dataset_int/faces112x11221/32.jpg	15
1	mlsp_dataset_int/faces112x11221/26.jpg	15
1	mlsp_dataset_int/faces112x11221/7.jpg	15
1	mlsp_dataset_int/faces112x11221/79.jpg	15
1	mlsp_dataset_int/faces112x11221/67.jpg	15
1	mlsp_dataset_int/faces112x11221/14.jpg	15
1	mlsp_dataset_int/faces112x11221/39.jpg	15
1	mlsp_dataset_int/faces112x11221/58.jpg	15
1	mlsp_dataset_int/faces112x11221/34.jpg	15
1	mlsp_dataset_int/faces112x11221/0.jpg	15
1	mlsp_dataset_int/faces112x11221/45.jpg	15
1	mlsp_dataset_int/faces112x11221/87.jpg	15
1	mlsp_dataset_int/faces112x11221/90.jpg	15
1	mlsp_dataset_int/faces112x11221/92.jpg	15
1	mlsp_dataset_int/faces112x11221/63.jpg	15
1	mlsp_dataset_int/faces112x11221/74.jpg	15
1	mlsp_dataset_int/faces112x11221/13.jpg	15
1	mlsp_dataset_int/faces112x11221/51.jpg	15
1	mlsp_dataset_int/faces112x11221/22.jpg	15
1	mlsp_dataset_int/faces112x11221/42.jpg	15
1	mlsp_dataset_int/faces112x11221/12.jpg	15
1	mlsp_dataset_int/faces112x11221/65.jpg	15
1	mlsp_dataset_int/faces112x11221/1.jpg	15
1	mlsp_dataset_int/faces112x11221/48.jpg	15
1	mlsp_dataset_int/faces112x11221/49.jpg	15
1	mlsp_dataset_int/faces112x11221/10.jpg	15
1	mlsp_dataset_int/faces112x11221/66.jpg	15
1	mlsp_dataset_int/faces112x11221/21.jpg	15
1	mlsp_dataset_int/faces112x11212/73.jpg	16
1	mlsp_dataset_int/faces112x11212/50.jpg	16
1	mlsp_dataset_int/faces112x11212/19.jpg	16
1	mlsp_dataset_int/faces112x11212/4.jpg	16
1	mlsp_dataset_int/faces112x11212/2.jpg	16
1	mlsp_dataset_int/faces112x11212/61.jpg	16
1	mlsp_dataset_int/faces112x11212/72.jpg	16
1	mlsp_dataset_int/faces112x11212/60.jpg	16
1	mlsp_dataset_int/faces112x11212/64.jpg	16
1	mlsp_dataset_int/faces112x11212/38.jpg	16
1	mlsp_dataset_int/faces112x11212/24.jpg	16
1	mlsp_dataset_int/faces112x11212/77.jpg	16
1	mlsp_dataset_int/faces112x11212/85.jpg	16
1	mlsp_dataset_int/faces112x11212/37.jpg	16
1	mlsp_dataset_int/faces112x11212/30.jpg	16
1	mlsp_dataset_int/faces112x11212/52.jpg	16
1	mlsp_dataset_int/faces112x11212/47.jpg	16
1	mlsp_dataset_int/faces112x11212/9.jpg	16
1	mlsp_dataset_int/faces112x11212/88.jpg	16
1	mlsp_dataset_int/faces112x11212/33.jpg	16
1	mlsp_dataset_int/faces112x11212/57.jpg	16
1	mlsp_dataset_int/faces112x11212/76.jpg	16
1	mlsp_dataset_int/faces112x11212/89.jpg	16
1	mlsp_dataset_int/faces112x11212/81.jpg	16
1	mlsp_dataset_int/faces112x11212/82.jpg	16
1	mlsp_dataset_int/faces112x11212/55.jpg	16
1	mlsp_dataset_int/faces112x11212/6.jpg	16
1	mlsp_dataset_int/faces112x11212/62.jpg	16
1	mlsp_dataset_int/faces112x11212/3.jpg	16
1	mlsp_dataset_int/faces112x11212/91.jpg	16
1	mlsp_dataset_int/faces112x11212/70.jpg	16
1	mlsp_dataset_int/faces112x11212/31.jpg	16
1	mlsp_dataset_int/faces112x11212/25.jpg	16
1	mlsp_dataset_int/faces112x11212/46.jpg	16
1	mlsp_dataset_int/faces112x11212/69.jpg	16
1	mlsp_dataset_int/faces112x11212/56.jpg	16
1	mlsp_dataset_int/faces112x11212/53.jpg	16
1	mlsp_dataset_int/faces112x11212/36.jpg	16
1	mlsp_dataset_int/faces112x11212/20.jpg	16
1	mlsp_dataset_int/faces112x11212/18.jpg	16
1	mlsp_dataset_int/faces112x11212/71.jpg	16
1	mlsp_dataset_int/faces112x11212/54.jpg	16
1	mlsp_dataset_int/faces112x11212/59.jpg	16
1	mlsp_dataset_int/faces112x11212/84.jpg	16
1	mlsp_dataset_int/faces112x11212/8.jpg	16
1	mlsp_dataset_int/faces112x11212/16.jpg	16
1	mlsp_dataset_int/faces112x11212/23.jpg	16
1	mlsp_dataset_int/faces112x11212/17.jpg	16
1	mlsp_dataset_int/faces112x11212/28.jpg	16
1	mlsp_dataset_int/faces112x11212/15.jpg	16
1	mlsp_dataset_int/faces112x11212/29.jpg	16
1	mlsp_dataset_int/faces112x11212/5.jpg	16
1	mlsp_dataset_int/faces112x11212/93.jpg	16
1	mlsp_dataset_int/faces112x11212/35.jpg	16
1	mlsp_dataset_int/faces112x11212/78.jpg	16
1	mlsp_dataset_int/faces112x11212/40.jpg	16
1	mlsp_dataset_int/faces112x11212/44.jpg	16
1	mlsp_dataset_int/faces112x11212/86.jpg	16
1	mlsp_dataset_int/faces112x11212/43.jpg	16
1	mlsp_dataset_int/faces112x11212/80.jpg	16
1	mlsp_dataset_int/faces112x11212/41.jpg	16
1	mlsp_dataset_int/faces112x11212/75.jpg	16
1	mlsp_dataset_int/faces112x11212/83.jpg	16
1	mlsp_dataset_int/faces112x11212/11.jpg	16
1	mlsp_dataset_int/faces112x11212/68.jpg	16
1	mlsp_dataset_int/faces112x11212/27.jpg	16
1	mlsp_dataset_int/faces112x11212/32.jpg	16
1	mlsp_dataset_int/faces112x11212/26.jpg	16
1	mlsp_dataset_int/faces112x11212/7.jpg	16
1	mlsp_dataset_int/faces112x11212/79.jpg	16
1	mlsp_dataset_int/faces112x11212/67.jpg	16
1	mlsp_dataset_int/faces112x11212/14.jpg	16
1	mlsp_dataset_int/faces112x11212/39.jpg	16
1	mlsp_dataset_int/faces112x11212/58.jpg	16
1	mlsp_dataset_int/faces112x11212/34.jpg	16
1	mlsp_dataset_int/faces112x11212/0.jpg	16
1	mlsp_dataset_int/faces112x11212/45.jpg	16
1	mlsp_dataset_int/faces112x11212/87.jpg	16
1	mlsp_dataset_int/faces112x11212/90.jpg	16
1	mlsp_dataset_int/faces112x11212/92.jpg	16
1	mlsp_dataset_int/faces112x11212/63.jpg	16
1	mlsp_dataset_int/faces112x11212/74.jpg	16
1	mlsp_dataset_int/faces112x11212/13.jpg	16
1	mlsp_dataset_int/faces112x11212/51.jpg	16
1	mlsp_dataset_int/faces112x11212/22.jpg	16
1	mlsp_dataset_int/faces112x11212/42.jpg	16
1	mlsp_dataset_int/faces112x11212/12.jpg	16
1	mlsp_dataset_int/faces112x11212/65.jpg	16
1	mlsp_dataset_int/faces112x11212/1.jpg	16
1	mlsp_dataset_int/faces112x11212/48.jpg	16
1	mlsp_dataset_int/faces112x11212/49.jpg	16
1	mlsp_dataset_int/faces112x11212/10.jpg	16
1	mlsp_dataset_int/faces112x11212/66.jpg	16
1	mlsp_dataset_int/faces112x11212/21.jpg	16
1	mlsp_dataset_int/faces112x11218/73.jpg	17
1	mlsp_dataset_int/faces112x11218/50.jpg	17
1	mlsp_dataset_int/faces112x11218/19.jpg	17
1	mlsp_dataset_int/faces112x11218/4.jpg	17
1	mlsp_dataset_int/faces112x11218/2.jpg	17
1	mlsp_dataset_int/faces112x11218/61.jpg	17
1	mlsp_dataset_int/faces112x11218/72.jpg	17
1	mlsp_dataset_int/faces112x11218/60.jpg	17
1	mlsp_dataset_int/faces112x11218/64.jpg	17
1	mlsp_dataset_int/faces112x11218/38.jpg	17
1	mlsp_dataset_int/faces112x11218/24.jpg	17
1	mlsp_dataset_int/faces112x11218/77.jpg	17
1	mlsp_dataset_int/faces112x11218/37.jpg	17
1	mlsp_dataset_int/faces112x11218/30.jpg	17
1	mlsp_dataset_int/faces112x11218/52.jpg	17
1	mlsp_dataset_int/faces112x11218/47.jpg	17
1	mlsp_dataset_int/faces112x11218/9.jpg	17
1	mlsp_dataset_int/faces112x11218/33.jpg	17
1	mlsp_dataset_int/faces112x11218/57.jpg	17
1	mlsp_dataset_int/faces112x11218/76.jpg	17
1	mlsp_dataset_int/faces112x11218/55.jpg	17
1	mlsp_dataset_int/faces112x11218/6.jpg	17
1	mlsp_dataset_int/faces112x11218/62.jpg	17
1	mlsp_dataset_int/faces112x11218/3.jpg	17
1	mlsp_dataset_int/faces112x11218/70.jpg	17
1	mlsp_dataset_int/faces112x11218/31.jpg	17
1	mlsp_dataset_int/faces112x11218/25.jpg	17
1	mlsp_dataset_int/faces112x11218/46.jpg	17
1	mlsp_dataset_int/faces112x11218/69.jpg	17
1	mlsp_dataset_int/faces112x11218/56.jpg	17
1	mlsp_dataset_int/faces112x11218/53.jpg	17
1	mlsp_dataset_int/faces112x11218/36.jpg	17
1	mlsp_dataset_int/faces112x11218/20.jpg	17
1	mlsp_dataset_int/faces112x11218/18.jpg	17
1	mlsp_dataset_int/faces112x11218/71.jpg	17
1	mlsp_dataset_int/faces112x11218/54.jpg	17
1	mlsp_dataset_int/faces112x11218/59.jpg	17
1	mlsp_dataset_int/faces112x11218/8.jpg	17
1	mlsp_dataset_int/faces112x11218/16.jpg	17
1	mlsp_dataset_int/faces112x11218/23.jpg	17
1	mlsp_dataset_int/faces112x11218/17.jpg	17
1	mlsp_dataset_int/faces112x11218/28.jpg	17
1	mlsp_dataset_int/faces112x11218/15.jpg	17
1	mlsp_dataset_int/faces112x11218/29.jpg	17
1	mlsp_dataset_int/faces112x11218/5.jpg	17
1	mlsp_dataset_int/faces112x11218/35.jpg	17
1	mlsp_dataset_int/faces112x11218/40.jpg	17
1	mlsp_dataset_int/faces112x11218/44.jpg	17
1	mlsp_dataset_int/faces112x11218/43.jpg	17
1	mlsp_dataset_int/faces112x11218/41.jpg	17
1	mlsp_dataset_int/faces112x11218/75.jpg	17
1	mlsp_dataset_int/faces112x11218/11.jpg	17
1	mlsp_dataset_int/faces112x11218/68.jpg	17
1	mlsp_dataset_int/faces112x11218/27.jpg	17
1	mlsp_dataset_int/faces112x11218/32.jpg	17
1	mlsp_dataset_int/faces112x11218/26.jpg	17
1	mlsp_dataset_int/faces112x11218/7.jpg	17
1	mlsp_dataset_int/faces112x11218/67.jpg	17
1	mlsp_dataset_int/faces112x11218/14.jpg	17
1	mlsp_dataset_int/faces112x11218/39.jpg	17
1	mlsp_dataset_int/faces112x11218/58.jpg	17
1	mlsp_dataset_int/faces112x11218/34.jpg	17
1	mlsp_dataset_int/faces112x11218/0.jpg	17
1	mlsp_dataset_int/faces112x11218/45.jpg	17
1	mlsp_dataset_int/faces112x11218/63.jpg	17
1	mlsp_dataset_int/faces112x11218/74.jpg	17
1	mlsp_dataset_int/faces112x11218/13.jpg	17
1	mlsp_dataset_int/faces112x11218/51.jpg	17
1	mlsp_dataset_int/faces112x11218/22.jpg	17
1	mlsp_dataset_int/faces112x11218/42.jpg	17
1	mlsp_dataset_int/faces112x11218/12.jpg	17
1	mlsp_dataset_int/faces112x11218/65.jpg	17
1	mlsp_dataset_int/faces112x11218/1.jpg	17
1	mlsp_dataset_int/faces112x11218/48.jpg	17
1	mlsp_dataset_int/faces112x11218/49.jpg	17
1	mlsp_dataset_int/faces112x11218/10.jpg	17
1	mlsp_dataset_int/faces112x11218/66.jpg	17
1	mlsp_dataset_int/faces112x11218/21.jpg	17
1	mlsp_dataset_int/faces112x1126/73.jpg	18
1	mlsp_dataset_int/faces112x1126/50.jpg	18
1	mlsp_dataset_int/faces112x1126/19.jpg	18
1	mlsp_dataset_int/faces112x1126/4.jpg	18
1	mlsp_dataset_int/faces112x1126/2.jpg	18
1	mlsp_dataset_int/faces112x1126/61.jpg	18
1	mlsp_dataset_int/faces112x1126/72.jpg	18
1	mlsp_dataset_int/faces112x1126/60.jpg	18
1	mlsp_dataset_int/faces112x1126/64.jpg	18
1	mlsp_dataset_int/faces112x1126/38.jpg	18
1	mlsp_dataset_int/faces112x1126/24.jpg	18
1	mlsp_dataset_int/faces112x1126/77.jpg	18
1	mlsp_dataset_int/faces112x1126/85.jpg	18
1	mlsp_dataset_int/faces112x1126/37.jpg	18
1	mlsp_dataset_int/faces112x1126/30.jpg	18
1	mlsp_dataset_int/faces112x1126/52.jpg	18
1	mlsp_dataset_int/faces112x1126/47.jpg	18
1	mlsp_dataset_int/faces112x1126/9.jpg	18
1	mlsp_dataset_int/faces112x1126/88.jpg	18
1	mlsp_dataset_int/faces112x1126/33.jpg	18
1	mlsp_dataset_int/faces112x1126/57.jpg	18
1	mlsp_dataset_int/faces112x1126/76.jpg	18
1	mlsp_dataset_int/faces112x1126/89.jpg	18
1	mlsp_dataset_int/faces112x1126/81.jpg	18
1	mlsp_dataset_int/faces112x1126/82.jpg	18
1	mlsp_dataset_int/faces112x1126/55.jpg	18
1	mlsp_dataset_int/faces112x1126/6.jpg	18
1	mlsp_dataset_int/faces112x1126/62.jpg	18
1	mlsp_dataset_int/faces112x1126/3.jpg	18
1	mlsp_dataset_int/faces112x1126/91.jpg	18
1	mlsp_dataset_int/faces112x1126/70.jpg	18
1	mlsp_dataset_int/faces112x1126/31.jpg	18
1	mlsp_dataset_int/faces112x1126/25.jpg	18
1	mlsp_dataset_int/faces112x1126/46.jpg	18
1	mlsp_dataset_int/faces112x1126/69.jpg	18
1	mlsp_dataset_int/faces112x1126/56.jpg	18
1	mlsp_dataset_int/faces112x1126/53.jpg	18
1	mlsp_dataset_int/faces112x1126/36.jpg	18
1	mlsp_dataset_int/faces112x1126/20.jpg	18
1	mlsp_dataset_int/faces112x1126/18.jpg	18
1	mlsp_dataset_int/faces112x1126/71.jpg	18
1	mlsp_dataset_int/faces112x1126/54.jpg	18
1	mlsp_dataset_int/faces112x1126/59.jpg	18
1	mlsp_dataset_int/faces112x1126/84.jpg	18
1	mlsp_dataset_int/faces112x1126/8.jpg	18
1	mlsp_dataset_int/faces112x1126/16.jpg	18
1	mlsp_dataset_int/faces112x1126/23.jpg	18
1	mlsp_dataset_int/faces112x1126/17.jpg	18
1	mlsp_dataset_int/faces112x1126/28.jpg	18
1	mlsp_dataset_int/faces112x1126/15.jpg	18
1	mlsp_dataset_int/faces112x1126/29.jpg	18
1	mlsp_dataset_int/faces112x1126/5.jpg	18
1	mlsp_dataset_int/faces112x1126/93.jpg	18
1	mlsp_dataset_int/faces112x1126/35.jpg	18
1	mlsp_dataset_int/faces112x1126/78.jpg	18
1	mlsp_dataset_int/faces112x1126/40.jpg	18
1	mlsp_dataset_int/faces112x1126/44.jpg	18
1	mlsp_dataset_int/faces112x1126/86.jpg	18
1	mlsp_dataset_int/faces112x1126/43.jpg	18
1	mlsp_dataset_int/faces112x1126/94.jpg	18
1	mlsp_dataset_int/faces112x1126/80.jpg	18
1	mlsp_dataset_int/faces112x1126/41.jpg	18
1	mlsp_dataset_int/faces112x1126/95.jpg	18
1	mlsp_dataset_int/faces112x1126/75.jpg	18
1	mlsp_dataset_int/faces112x1126/83.jpg	18
1	mlsp_dataset_int/faces112x1126/11.jpg	18
1	mlsp_dataset_int/faces112x1126/68.jpg	18
1	mlsp_dataset_int/faces112x1126/27.jpg	18
1	mlsp_dataset_int/faces112x1126/32.jpg	18
1	mlsp_dataset_int/faces112x1126/26.jpg	18
1	mlsp_dataset_int/faces112x1126/7.jpg	18
1	mlsp_dataset_int/faces112x1126/79.jpg	18
1	mlsp_dataset_int/faces112x1126/67.jpg	18
1	mlsp_dataset_int/faces112x1126/14.jpg	18
1	mlsp_dataset_int/faces112x1126/39.jpg	18
1	mlsp_dataset_int/faces112x1126/58.jpg	18
1	mlsp_dataset_int/faces112x1126/34.jpg	18
1	mlsp_dataset_int/faces112x1126/0.jpg	18
1	mlsp_dataset_int/faces112x1126/45.jpg	18
1	mlsp_dataset_int/faces112x1126/87.jpg	18
1	mlsp_dataset_int/faces112x1126/90.jpg	18
1	mlsp_dataset_int/faces112x1126/92.jpg	18
1	mlsp_dataset_int/faces112x1126/63.jpg	18
1	mlsp_dataset_int/faces112x1126/74.jpg	18
1	mlsp_dataset_int/faces112x1126/13.jpg	18
1	mlsp_dataset_int/faces112x1126/51.jpg	18
1	mlsp_dataset_int/faces112x1126/22.jpg	18
1	mlsp_dataset_int/faces112x1126/42.jpg	18
1	mlsp_dataset_int/faces112x1126/12.jpg	18
1	mlsp_dataset_int/faces112x1126/65.jpg	18
1	mlsp_dataset_int/faces112x1126/1.jpg	18
1	mlsp_dataset_int/faces112x1126/48.jpg	18
1	mlsp_dataset_int/faces112x1126/49.jpg	18
1	mlsp_dataset_int/faces112x1126/10.jpg	18
1	mlsp_dataset_int/faces112x1126/66.jpg	18
1	mlsp_dataset_int/faces112x1126/21.jpg	18
1	mlsp_dataset_int/faces112x1127/73.jpg	19
1	mlsp_dataset_int/faces112x1127/50.jpg	19
1	mlsp_dataset_int/faces112x1127/19.jpg	19
1	mlsp_dataset_int/faces112x1127/4.jpg	19
1	mlsp_dataset_int/faces112x1127/2.jpg	19
1	mlsp_dataset_int/faces112x1127/61.jpg	19
1	mlsp_dataset_int/faces112x1127/72.jpg	19
1	mlsp_dataset_int/faces112x1127/60.jpg	19
1	mlsp_dataset_int/faces112x1127/64.jpg	19
1	mlsp_dataset_int/faces112x1127/38.jpg	19
1	mlsp_dataset_int/faces112x1127/24.jpg	19
1	mlsp_dataset_int/faces112x1127/77.jpg	19
1	mlsp_dataset_int/faces112x1127/85.jpg	19
1	mlsp_dataset_int/faces112x1127/37.jpg	19
1	mlsp_dataset_int/faces112x1127/30.jpg	19
1	mlsp_dataset_int/faces112x1127/52.jpg	19
1	mlsp_dataset_int/faces112x1127/47.jpg	19
1	mlsp_dataset_int/faces112x1127/9.jpg	19
1	mlsp_dataset_int/faces112x1127/88.jpg	19
1	mlsp_dataset_int/faces112x1127/33.jpg	19
1	mlsp_dataset_int/faces112x1127/57.jpg	19
1	mlsp_dataset_int/faces112x1127/76.jpg	19
1	mlsp_dataset_int/faces112x1127/89.jpg	19
1	mlsp_dataset_int/faces112x1127/81.jpg	19
1	mlsp_dataset_int/faces112x1127/82.jpg	19
1	mlsp_dataset_int/faces112x1127/55.jpg	19
1	mlsp_dataset_int/faces112x1127/6.jpg	19
1	mlsp_dataset_int/faces112x1127/62.jpg	19
1	mlsp_dataset_int/faces112x1127/3.jpg	19
1	mlsp_dataset_int/faces112x1127/91.jpg	19
1	mlsp_dataset_int/faces112x1127/70.jpg	19
1	mlsp_dataset_int/faces112x1127/31.jpg	19
1	mlsp_dataset_int/faces112x1127/25.jpg	19
1	mlsp_dataset_int/faces112x1127/46.jpg	19
1	mlsp_dataset_int/faces112x1127/69.jpg	19
1	mlsp_dataset_int/faces112x1127/56.jpg	19
1	mlsp_dataset_int/faces112x1127/53.jpg	19
1	mlsp_dataset_int/faces112x1127/36.jpg	19
1	mlsp_dataset_int/faces112x1127/20.jpg	19
1	mlsp_dataset_int/faces112x1127/18.jpg	19
1	mlsp_dataset_int/faces112x1127/71.jpg	19
1	mlsp_dataset_int/faces112x1127/54.jpg	19
1	mlsp_dataset_int/faces112x1127/59.jpg	19
1	mlsp_dataset_int/faces112x1127/84.jpg	19
1	mlsp_dataset_int/faces112x1127/8.jpg	19
1	mlsp_dataset_int/faces112x1127/16.jpg	19
1	mlsp_dataset_int/faces112x1127/23.jpg	19
1	mlsp_dataset_int/faces112x1127/17.jpg	19
1	mlsp_dataset_int/faces112x1127/28.jpg	19
1	mlsp_dataset_int/faces112x1127/15.jpg	19
1	mlsp_dataset_int/faces112x1127/29.jpg	19
1	mlsp_dataset_int/faces112x1127/5.jpg	19
1	mlsp_dataset_int/faces112x1127/93.jpg	19
1	mlsp_dataset_int/faces112x1127/35.jpg	19
1	mlsp_dataset_int/faces112x1127/78.jpg	19
1	mlsp_dataset_int/faces112x1127/40.jpg	19
1	mlsp_dataset_int/faces112x1127/44.jpg	19
1	mlsp_dataset_int/faces112x1127/86.jpg	19
1	mlsp_dataset_int/faces112x1127/43.jpg	19
1	mlsp_dataset_int/faces112x1127/94.jpg	19
1	mlsp_dataset_int/faces112x1127/80.jpg	19
1	mlsp_dataset_int/faces112x1127/41.jpg	19
1	mlsp_dataset_int/faces112x1127/95.jpg	19
1	mlsp_dataset_int/faces112x1127/75.jpg	19
1	mlsp_dataset_int/faces112x1127/83.jpg	19
1	mlsp_dataset_int/faces112x1127/11.jpg	19
1	mlsp_dataset_int/faces112x1127/68.jpg	19
1	mlsp_dataset_int/faces112x1127/27.jpg	19
1	mlsp_dataset_int/faces112x1127/32.jpg	19
1	mlsp_dataset_int/faces112x1127/26.jpg	19
1	mlsp_dataset_int/faces112x1127/7.jpg	19
1	mlsp_dataset_int/faces112x1127/79.jpg	19
1	mlsp_dataset_int/faces112x1127/67.jpg	19
1	mlsp_dataset_int/faces112x1127/14.jpg	19
1	mlsp_dataset_int/faces112x1127/39.jpg	19
1	mlsp_dataset_int/faces112x1127/58.jpg	19
1	mlsp_dataset_int/faces112x1127/34.jpg	19
1	mlsp_dataset_int/faces112x1127/0.jpg	19
1	mlsp_dataset_int/faces112x1127/45.jpg	19
1	mlsp_dataset_int/faces112x1127/87.jpg	19
1	mlsp_dataset_int/faces112x1127/90.jpg	19
1	mlsp_dataset_int/faces112x1127/92.jpg	19
1	mlsp_dataset_int/faces112x1127/63.jpg	19
1	mlsp_dataset_int/faces112x1127/74.jpg	19
1	mlsp_dataset_int/faces112x1127/13.jpg	19
1	mlsp_dataset_int/faces112x1127/51.jpg	19
1	mlsp_dataset_int/faces112x1127/22.jpg	19
1	mlsp_dataset_int/faces112x1127/42.jpg	19
1	mlsp_dataset_int/faces112x1127/12.jpg	19
1	mlsp_dataset_int/faces112x1127/65.jpg	19
1	mlsp_dataset_int/faces112x1127/1.jpg	19
1	mlsp_dataset_int/faces112x1127/48.jpg	19
1	mlsp_dataset_int/faces112x1127/49.jpg	19
1	mlsp_dataset_int/faces112x1127/10.jpg	19
1	mlsp_dataset_int/faces112x1127/66.jpg	19
1	mlsp_dataset_int/faces112x1127/21.jpg	19
1	mlsp_dataset_int/faces112x11220/73.jpg	20
1	mlsp_dataset_int/faces112x11220/50.jpg	20
1	mlsp_dataset_int/faces112x11220/19.jpg	20
1	mlsp_dataset_int/faces112x11220/4.jpg	20
1	mlsp_dataset_int/faces112x11220/2.jpg	20
1	mlsp_dataset_int/faces112x11220/61.jpg	20
1	mlsp_dataset_int/faces112x11220/72.jpg	20
1	mlsp_dataset_int/faces112x11220/60.jpg	20
1	mlsp_dataset_int/faces112x11220/64.jpg	20
1	mlsp_dataset_int/faces112x11220/38.jpg	20
1	mlsp_dataset_int/faces112x11220/24.jpg	20
1	mlsp_dataset_int/faces112x11220/77.jpg	20
1	mlsp_dataset_int/faces112x11220/37.jpg	20
1	mlsp_dataset_int/faces112x11220/30.jpg	20
1	mlsp_dataset_int/faces112x11220/52.jpg	20
1	mlsp_dataset_int/faces112x11220/47.jpg	20
1	mlsp_dataset_int/faces112x11220/9.jpg	20
1	mlsp_dataset_int/faces112x11220/33.jpg	20
1	mlsp_dataset_int/faces112x11220/57.jpg	20
1	mlsp_dataset_int/faces112x11220/76.jpg	20
1	mlsp_dataset_int/faces112x11220/55.jpg	20
1	mlsp_dataset_int/faces112x11220/6.jpg	20
1	mlsp_dataset_int/faces112x11220/62.jpg	20
1	mlsp_dataset_int/faces112x11220/3.jpg	20
1	mlsp_dataset_int/faces112x11220/70.jpg	20
1	mlsp_dataset_int/faces112x11220/31.jpg	20
1	mlsp_dataset_int/faces112x11220/25.jpg	20
1	mlsp_dataset_int/faces112x11220/46.jpg	20
1	mlsp_dataset_int/faces112x11220/69.jpg	20
1	mlsp_dataset_int/faces112x11220/56.jpg	20
1	mlsp_dataset_int/faces112x11220/53.jpg	20
1	mlsp_dataset_int/faces112x11220/36.jpg	20
1	mlsp_dataset_int/faces112x11220/20.jpg	20
1	mlsp_dataset_int/faces112x11220/18.jpg	20
1	mlsp_dataset_int/faces112x11220/71.jpg	20
1	mlsp_dataset_int/faces112x11220/54.jpg	20
1	mlsp_dataset_int/faces112x11220/59.jpg	20
1	mlsp_dataset_int/faces112x11220/8.jpg	20
1	mlsp_dataset_int/faces112x11220/16.jpg	20
1	mlsp_dataset_int/faces112x11220/23.jpg	20
1	mlsp_dataset_int/faces112x11220/17.jpg	20
1	mlsp_dataset_int/faces112x11220/28.jpg	20
1	mlsp_dataset_int/faces112x11220/15.jpg	20
1	mlsp_dataset_int/faces112x11220/29.jpg	20
1	mlsp_dataset_int/faces112x11220/5.jpg	20
1	mlsp_dataset_int/faces112x11220/35.jpg	20
1	mlsp_dataset_int/faces112x11220/78.jpg	20
1	mlsp_dataset_int/faces112x11220/40.jpg	20
1	mlsp_dataset_int/faces112x11220/44.jpg	20
1	mlsp_dataset_int/faces112x11220/43.jpg	20
1	mlsp_dataset_int/faces112x11220/41.jpg	20
1	mlsp_dataset_int/faces112x11220/75.jpg	20
1	mlsp_dataset_int/faces112x11220/11.jpg	20
1	mlsp_dataset_int/faces112x11220/68.jpg	20
1	mlsp_dataset_int/faces112x11220/27.jpg	20
1	mlsp_dataset_int/faces112x11220/32.jpg	20
1	mlsp_dataset_int/faces112x11220/26.jpg	20
1	mlsp_dataset_int/faces112x11220/7.jpg	20
1	mlsp_dataset_int/faces112x11220/79.jpg	20
1	mlsp_dataset_int/faces112x11220/67.jpg	20
1	mlsp_dataset_int/faces112x11220/14.jpg	20
1	mlsp_dataset_int/faces112x11220/39.jpg	20
1	mlsp_dataset_int/faces112x11220/58.jpg	20
1	mlsp_dataset_int/faces112x11220/34.jpg	20
1	mlsp_dataset_int/faces112x11220/0.jpg	20
1	mlsp_dataset_int/faces112x11220/45.jpg	20
1	mlsp_dataset_int/faces112x11220/63.jpg	20
1	mlsp_dataset_int/faces112x11220/74.jpg	20
1	mlsp_dataset_int/faces112x11220/13.jpg	20
1	mlsp_dataset_int/faces112x11220/51.jpg	20
1	mlsp_dataset_int/faces112x11220/22.jpg	20
1	mlsp_dataset_int/faces112x11220/42.jpg	20
1	mlsp_dataset_int/faces112x11220/12.jpg	20
1	mlsp_dataset_int/faces112x11220/65.jpg	20
1	mlsp_dataset_int/faces112x11220/1.jpg	20
1	mlsp_dataset_int/faces112x11220/48.jpg	20
1	mlsp_dataset_int/faces112x11220/49.jpg	20
1	mlsp_dataset_int/faces112x11220/10.jpg	20
1	mlsp_dataset_int/faces112x11220/66.jpg	20
1	mlsp_dataset_int/faces112x11220/21.jpg	20
1	mlsp_dataset_int/faces112x11210/50.jpg	21
1	mlsp_dataset_int/faces112x11210/19.jpg	21
1	mlsp_dataset_int/faces112x11210/4.jpg	21
1	mlsp_dataset_int/faces112x11210/2.jpg	21
1	mlsp_dataset_int/faces112x11210/61.jpg	21
1	mlsp_dataset_int/faces112x11210/60.jpg	21
1	mlsp_dataset_int/faces112x11210/64.jpg	21
1	mlsp_dataset_int/faces112x11210/38.jpg	21
1	mlsp_dataset_int/faces112x11210/24.jpg	21
1	mlsp_dataset_int/faces112x11210/37.jpg	21
1	mlsp_dataset_int/faces112x11210/30.jpg	21
1	mlsp_dataset_int/faces112x11210/52.jpg	21
1	mlsp_dataset_int/faces112x11210/47.jpg	21
1	mlsp_dataset_int/faces112x11210/9.jpg	21
1	mlsp_dataset_int/faces112x11210/33.jpg	21
1	mlsp_dataset_int/faces112x11210/57.jpg	21
1	mlsp_dataset_int/faces112x11210/55.jpg	21
1	mlsp_dataset_int/faces112x11210/6.jpg	21
1	mlsp_dataset_int/faces112x11210/62.jpg	21
1	mlsp_dataset_int/faces112x11210/3.jpg	21
1	mlsp_dataset_int/faces112x11210/31.jpg	21
1	mlsp_dataset_int/faces112x11210/25.jpg	21
1	mlsp_dataset_int/faces112x11210/46.jpg	21
1	mlsp_dataset_int/faces112x11210/56.jpg	21
1	mlsp_dataset_int/faces112x11210/53.jpg	21
1	mlsp_dataset_int/faces112x11210/36.jpg	21
1	mlsp_dataset_int/faces112x11210/20.jpg	21
1	mlsp_dataset_int/faces112x11210/18.jpg	21
1	mlsp_dataset_int/faces112x11210/54.jpg	21
1	mlsp_dataset_int/faces112x11210/59.jpg	21
1	mlsp_dataset_int/faces112x11210/8.jpg	21
1	mlsp_dataset_int/faces112x11210/16.jpg	21
1	mlsp_dataset_int/faces112x11210/23.jpg	21
1	mlsp_dataset_int/faces112x11210/17.jpg	21
1	mlsp_dataset_int/faces112x11210/28.jpg	21
1	mlsp_dataset_int/faces112x11210/15.jpg	21
1	mlsp_dataset_int/faces112x11210/29.jpg	21
1	mlsp_dataset_int/faces112x11210/5.jpg	21
1	mlsp_dataset_int/faces112x11210/35.jpg	21
1	mlsp_dataset_int/faces112x11210/40.jpg	21
1	mlsp_dataset_int/faces112x11210/44.jpg	21
1	mlsp_dataset_int/faces112x11210/43.jpg	21
1	mlsp_dataset_int/faces112x11210/41.jpg	21
1	mlsp_dataset_int/faces112x11210/11.jpg	21
1	mlsp_dataset_int/faces112x11210/68.jpg	21
1	mlsp_dataset_int/faces112x11210/27.jpg	21
1	mlsp_dataset_int/faces112x11210/32.jpg	21
1	mlsp_dataset_int/faces112x11210/26.jpg	21
1	mlsp_dataset_int/faces112x11210/7.jpg	21
1	mlsp_dataset_int/faces112x11210/67.jpg	21
1	mlsp_dataset_int/faces112x11210/14.jpg	21
1	mlsp_dataset_int/faces112x11210/39.jpg	21
1	mlsp_dataset_int/faces112x11210/58.jpg	21
1	mlsp_dataset_int/faces112x11210/34.jpg	21
1	mlsp_dataset_int/faces112x11210/0.jpg	21
1	mlsp_dataset_int/faces112x11210/45.jpg	21
1	mlsp_dataset_int/faces112x11210/63.jpg	21
1	mlsp_dataset_int/faces112x11210/13.jpg	21
1	mlsp_dataset_int/faces112x11210/51.jpg	21
1	mlsp_dataset_int/faces112x11210/22.jpg	21
1	mlsp_dataset_int/faces112x11210/42.jpg	21
1	mlsp_dataset_int/faces112x11210/12.jpg	21
1	mlsp_dataset_int/faces112x11210/65.jpg	21
1	mlsp_dataset_int/faces112x11210/1.jpg	21
1	mlsp_dataset_int/faces112x11210/48.jpg	21
1	mlsp_dataset_int/faces112x11210/49.jpg	21
1	mlsp_dataset_int/faces112x11210/10.jpg	21
1	mlsp_dataset_int/faces112x11210/66.jpg	21
1	mlsp_dataset_int/faces112x11210/21.jpg	21
1	mlsp_dataset_int/faces112x11222/73.jpg	22
1	mlsp_dataset_int/faces112x11222/50.jpg	22
1	mlsp_dataset_int/faces112x11222/19.jpg	22
1	mlsp_dataset_int/faces112x11222/4.jpg	22
1	mlsp_dataset_int/faces112x11222/2.jpg	22
1	mlsp_dataset_int/faces112x11222/61.jpg	22
1	mlsp_dataset_int/faces112x11222/72.jpg	22
1	mlsp_dataset_int/faces112x11222/60.jpg	22
1	mlsp_dataset_int/faces112x11222/64.jpg	22
1	mlsp_dataset_int/faces112x11222/38.jpg	22
1	mlsp_dataset_int/faces112x11222/24.jpg	22
1	mlsp_dataset_int/faces112x11222/77.jpg	22
1	mlsp_dataset_int/faces112x11222/85.jpg	22
1	mlsp_dataset_int/faces112x11222/37.jpg	22
1	mlsp_dataset_int/faces112x11222/30.jpg	22
1	mlsp_dataset_int/faces112x11222/52.jpg	22
1	mlsp_dataset_int/faces112x11222/47.jpg	22
1	mlsp_dataset_int/faces112x11222/9.jpg	22
1	mlsp_dataset_int/faces112x11222/88.jpg	22
1	mlsp_dataset_int/faces112x11222/33.jpg	22
1	mlsp_dataset_int/faces112x11222/57.jpg	22
1	mlsp_dataset_int/faces112x11222/76.jpg	22
1	mlsp_dataset_int/faces112x11222/89.jpg	22
1	mlsp_dataset_int/faces112x11222/81.jpg	22
1	mlsp_dataset_int/faces112x11222/82.jpg	22
1	mlsp_dataset_int/faces112x11222/55.jpg	22
1	mlsp_dataset_int/faces112x11222/6.jpg	22
1	mlsp_dataset_int/faces112x11222/62.jpg	22
1	mlsp_dataset_int/faces112x11222/3.jpg	22
1	mlsp_dataset_int/faces112x11222/91.jpg	22
1	mlsp_dataset_int/faces112x11222/70.jpg	22
1	mlsp_dataset_int/faces112x11222/31.jpg	22
1	mlsp_dataset_int/faces112x11222/25.jpg	22
1	mlsp_dataset_int/faces112x11222/46.jpg	22
1	mlsp_dataset_int/faces112x11222/69.jpg	22
1	mlsp_dataset_int/faces112x11222/56.jpg	22
1	mlsp_dataset_int/faces112x11222/53.jpg	22
1	mlsp_dataset_int/faces112x11222/36.jpg	22
1	mlsp_dataset_int/faces112x11222/20.jpg	22
1	mlsp_dataset_int/faces112x11222/18.jpg	22
1	mlsp_dataset_int/faces112x11222/71.jpg	22
1	mlsp_dataset_int/faces112x11222/54.jpg	22
1	mlsp_dataset_int/faces112x11222/59.jpg	22
1	mlsp_dataset_int/faces112x11222/84.jpg	22
1	mlsp_dataset_int/faces112x11222/8.jpg	22
1	mlsp_dataset_int/faces112x11222/16.jpg	22
1	mlsp_dataset_int/faces112x11222/23.jpg	22
1	mlsp_dataset_int/faces112x11222/17.jpg	22
1	mlsp_dataset_int/faces112x11222/28.jpg	22
1	mlsp_dataset_int/faces112x11222/15.jpg	22
1	mlsp_dataset_int/faces112x11222/29.jpg	22
1	mlsp_dataset_int/faces112x11222/5.jpg	22
1	mlsp_dataset_int/faces112x11222/93.jpg	22
1	mlsp_dataset_int/faces112x11222/35.jpg	22
1	mlsp_dataset_int/faces112x11222/78.jpg	22
1	mlsp_dataset_int/faces112x11222/40.jpg	22
1	mlsp_dataset_int/faces112x11222/44.jpg	22
1	mlsp_dataset_int/faces112x11222/86.jpg	22
1	mlsp_dataset_int/faces112x11222/43.jpg	22
1	mlsp_dataset_int/faces112x11222/94.jpg	22
1	mlsp_dataset_int/faces112x11222/80.jpg	22
1	mlsp_dataset_int/faces112x11222/41.jpg	22
1	mlsp_dataset_int/faces112x11222/75.jpg	22
1	mlsp_dataset_int/faces112x11222/83.jpg	22
1	mlsp_dataset_int/faces112x11222/11.jpg	22
1	mlsp_dataset_int/faces112x11222/68.jpg	22
1	mlsp_dataset_int/faces112x11222/27.jpg	22
1	mlsp_dataset_int/faces112x11222/32.jpg	22
1	mlsp_dataset_int/faces112x11222/26.jpg	22
1	mlsp_dataset_int/faces112x11222/7.jpg	22
1	mlsp_dataset_int/faces112x11222/79.jpg	22
1	mlsp_dataset_int/faces112x11222/67.jpg	22
1	mlsp_dataset_int/faces112x11222/14.jpg	22
1	mlsp_dataset_int/faces112x11222/39.jpg	22
1	mlsp_dataset_int/faces112x11222/58.jpg	22
1	mlsp_dataset_int/faces112x11222/34.jpg	22
1	mlsp_dataset_int/faces112x11222/0.jpg	22
1	mlsp_dataset_int/faces112x11222/45.jpg	22
1	mlsp_dataset_int/faces112x11222/87.jpg	22
1	mlsp_dataset_int/faces112x11222/90.jpg	22
1	mlsp_dataset_int/faces112x11222/92.jpg	22
1	mlsp_dataset_int/faces112x11222/63.jpg	22
1	mlsp_dataset_int/faces112x11222/74.jpg	22
1	mlsp_dataset_int/faces112x11222/13.jpg	22
1	mlsp_dataset_int/faces112x11222/51.jpg	22
1	mlsp_dataset_int/faces112x11222/22.jpg	22
1	mlsp_dataset_int/faces112x11222/42.jpg	22
1	mlsp_dataset_int/faces112x11222/12.jpg	22
1	mlsp_dataset_int/faces112x11222/65.jpg	22
1	mlsp_dataset_int/faces112x11222/1.jpg	22
1	mlsp_dataset_int/faces112x11222/48.jpg	22
1	mlsp_dataset_int/faces112x11222/49.jpg	22
1	mlsp_dataset_int/faces112x11222/10.jpg	22
1	mlsp_dataset_int/faces112x11222/66.jpg	22
1	mlsp_dataset_int/faces112x11222/21.jpg	22
1	mlsp_dataset_int/faces112x1124/97.jpg	23
1	mlsp_dataset_int/faces112x1124/73.jpg	23
1	mlsp_dataset_int/faces112x1124/50.jpg	23
1	mlsp_dataset_int/faces112x1124/19.jpg	23
1	mlsp_dataset_int/faces112x1124/4.jpg	23
1	mlsp_dataset_int/faces112x1124/2.jpg	23
1	mlsp_dataset_int/faces112x1124/61.jpg	23
1	mlsp_dataset_int/faces112x1124/72.jpg	23
1	mlsp_dataset_int/faces112x1124/60.jpg	23
1	mlsp_dataset_int/faces112x1124/64.jpg	23
1	mlsp_dataset_int/faces112x1124/38.jpg	23
1	mlsp_dataset_int/faces112x1124/24.jpg	23
1	mlsp_dataset_int/faces112x1124/77.jpg	23
1	mlsp_dataset_int/faces112x1124/85.jpg	23
1	mlsp_dataset_int/faces112x1124/37.jpg	23
1	mlsp_dataset_int/faces112x1124/30.jpg	23
1	mlsp_dataset_int/faces112x1124/52.jpg	23
1	mlsp_dataset_int/faces112x1124/47.jpg	23
1	mlsp_dataset_int/faces112x1124/9.jpg	23
1	mlsp_dataset_int/faces112x1124/88.jpg	23
1	mlsp_dataset_int/faces112x1124/33.jpg	23
1	mlsp_dataset_int/faces112x1124/57.jpg	23
1	mlsp_dataset_int/faces112x1124/76.jpg	23
1	mlsp_dataset_int/faces112x1124/89.jpg	23
1	mlsp_dataset_int/faces112x1124/81.jpg	23
1	mlsp_dataset_int/faces112x1124/82.jpg	23
1	mlsp_dataset_int/faces112x1124/55.jpg	23
1	mlsp_dataset_int/faces112x1124/6.jpg	23
1	mlsp_dataset_int/faces112x1124/62.jpg	23
1	mlsp_dataset_int/faces112x1124/3.jpg	23
1	mlsp_dataset_int/faces112x1124/91.jpg	23
1	mlsp_dataset_int/faces112x1124/70.jpg	23
1	mlsp_dataset_int/faces112x1124/31.jpg	23
1	mlsp_dataset_int/faces112x1124/25.jpg	23
1	mlsp_dataset_int/faces112x1124/46.jpg	23
1	mlsp_dataset_int/faces112x1124/69.jpg	23
1	mlsp_dataset_int/faces112x1124/56.jpg	23
1	mlsp_dataset_int/faces112x1124/53.jpg	23
1	mlsp_dataset_int/faces112x1124/36.jpg	23
1	mlsp_dataset_int/faces112x1124/20.jpg	23
1	mlsp_dataset_int/faces112x1124/18.jpg	23
1	mlsp_dataset_int/faces112x1124/71.jpg	23
1	mlsp_dataset_int/faces112x1124/54.jpg	23
1	mlsp_dataset_int/faces112x1124/59.jpg	23
1	mlsp_dataset_int/faces112x1124/84.jpg	23
1	mlsp_dataset_int/faces112x1124/8.jpg	23
1	mlsp_dataset_int/faces112x1124/16.jpg	23
1	mlsp_dataset_int/faces112x1124/23.jpg	23
1	mlsp_dataset_int/faces112x1124/17.jpg	23
1	mlsp_dataset_int/faces112x1124/28.jpg	23
1	mlsp_dataset_int/faces112x1124/15.jpg	23
1	mlsp_dataset_int/faces112x1124/29.jpg	23
1	mlsp_dataset_int/faces112x1124/5.jpg	23
1	mlsp_dataset_int/faces112x1124/93.jpg	23
1	mlsp_dataset_int/faces112x1124/35.jpg	23
1	mlsp_dataset_int/faces112x1124/78.jpg	23
1	mlsp_dataset_int/faces112x1124/40.jpg	23
1	mlsp_dataset_int/faces112x1124/96.jpg	23
1	mlsp_dataset_int/faces112x1124/44.jpg	23
1	mlsp_dataset_int/faces112x1124/86.jpg	23
1	mlsp_dataset_int/faces112x1124/43.jpg	23
1	mlsp_dataset_int/faces112x1124/94.jpg	23
1	mlsp_dataset_int/faces112x1124/80.jpg	23
1	mlsp_dataset_int/faces112x1124/41.jpg	23
1	mlsp_dataset_int/faces112x1124/95.jpg	23
1	mlsp_dataset_int/faces112x1124/75.jpg	23
1	mlsp_dataset_int/faces112x1124/83.jpg	23
1	mlsp_dataset_int/faces112x1124/11.jpg	23
1	mlsp_dataset_int/faces112x1124/68.jpg	23
1	mlsp_dataset_int/faces112x1124/27.jpg	23
1	mlsp_dataset_int/faces112x1124/32.jpg	23
1	mlsp_dataset_int/faces112x1124/26.jpg	23
1	mlsp_dataset_int/faces112x1124/7.jpg	23
1	mlsp_dataset_int/faces112x1124/79.jpg	23
1	mlsp_dataset_int/faces112x1124/67.jpg	23
1	mlsp_dataset_int/faces112x1124/14.jpg	23
1	mlsp_dataset_int/faces112x1124/39.jpg	23
1	mlsp_dataset_int/faces112x1124/58.jpg	23
1	mlsp_dataset_int/faces112x1124/34.jpg	23
1	mlsp_dataset_int/faces112x1124/0.jpg	23
1	mlsp_dataset_int/faces112x1124/45.jpg	23
1	mlsp_dataset_int/faces112x1124/87.jpg	23
1	mlsp_dataset_int/faces112x1124/90.jpg	23
1	mlsp_dataset_int/faces112x1124/92.jpg	23
1	mlsp_dataset_int/faces112x1124/63.jpg	23
1	mlsp_dataset_int/faces112x1124/74.jpg	23
1	mlsp_dataset_int/faces112x1124/13.jpg	23
1	mlsp_dataset_int/faces112x1124/51.jpg	23
1	mlsp_dataset_int/faces112x1124/22.jpg	23
1	mlsp_dataset_int/faces112x1124/42.jpg	23
1	mlsp_dataset_int/faces112x1124/12.jpg	23
1	mlsp_dataset_int/faces112x1124/65.jpg	23
1	mlsp_dataset_int/faces112x1124/1.jpg	23
1	mlsp_dataset_int/faces112x1124/48.jpg	23
1	mlsp_dataset_int/faces112x1124/49.jpg	23
1	mlsp_dataset_int/faces112x1124/10.jpg	23
1	mlsp_dataset_int/faces112x1124/66.jpg	23
1	mlsp_dataset_int/faces112x1124/21.jpg	23
1	mlsp_dataset_int/faces112x1129/97.jpg	24
1	mlsp_dataset_int/faces112x1129/73.jpg	24
1	mlsp_dataset_int/faces112x1129/50.jpg	24
1	mlsp_dataset_int/faces112x1129/19.jpg	24
1	mlsp_dataset_int/faces112x1129/4.jpg	24
1	mlsp_dataset_int/faces112x1129/2.jpg	24
1	mlsp_dataset_int/faces112x1129/61.jpg	24
1	mlsp_dataset_int/faces112x1129/72.jpg	24
1	mlsp_dataset_int/faces112x1129/60.jpg	24
1	mlsp_dataset_int/faces112x1129/64.jpg	24
1	mlsp_dataset_int/faces112x1129/38.jpg	24
1	mlsp_dataset_int/faces112x1129/24.jpg	24
1	mlsp_dataset_int/faces112x1129/77.jpg	24
1	mlsp_dataset_int/faces112x1129/85.jpg	24
1	mlsp_dataset_int/faces112x1129/37.jpg	24
1	mlsp_dataset_int/faces112x1129/30.jpg	24
1	mlsp_dataset_int/faces112x1129/52.jpg	24
1	mlsp_dataset_int/faces112x1129/47.jpg	24
1	mlsp_dataset_int/faces112x1129/9.jpg	24
1	mlsp_dataset_int/faces112x1129/88.jpg	24
1	mlsp_dataset_int/faces112x1129/33.jpg	24
1	mlsp_dataset_int/faces112x1129/57.jpg	24
1	mlsp_dataset_int/faces112x1129/76.jpg	24
1	mlsp_dataset_int/faces112x1129/89.jpg	24
1	mlsp_dataset_int/faces112x1129/81.jpg	24
1	mlsp_dataset_int/faces112x1129/82.jpg	24
1	mlsp_dataset_int/faces112x1129/55.jpg	24
1	mlsp_dataset_int/faces112x1129/6.jpg	24
1	mlsp_dataset_int/faces112x1129/62.jpg	24
1	mlsp_dataset_int/faces112x1129/3.jpg	24
1	mlsp_dataset_int/faces112x1129/91.jpg	24
1	mlsp_dataset_int/faces112x1129/70.jpg	24
1	mlsp_dataset_int/faces112x1129/31.jpg	24
1	mlsp_dataset_int/faces112x1129/25.jpg	24
1	mlsp_dataset_int/faces112x1129/46.jpg	24
1	mlsp_dataset_int/faces112x1129/69.jpg	24
1	mlsp_dataset_int/faces112x1129/56.jpg	24
1	mlsp_dataset_int/faces112x1129/53.jpg	24
1	mlsp_dataset_int/faces112x1129/36.jpg	24
1	mlsp_dataset_int/faces112x1129/20.jpg	24
1	mlsp_dataset_int/faces112x1129/18.jpg	24
1	mlsp_dataset_int/faces112x1129/71.jpg	24
1	mlsp_dataset_int/faces112x1129/54.jpg	24
1	mlsp_dataset_int/faces112x1129/59.jpg	24
1	mlsp_dataset_int/faces112x1129/84.jpg	24
1	mlsp_dataset_int/faces112x1129/8.jpg	24
1	mlsp_dataset_int/faces112x1129/16.jpg	24
1	mlsp_dataset_int/faces112x1129/23.jpg	24
1	mlsp_dataset_int/faces112x1129/17.jpg	24
1	mlsp_dataset_int/faces112x1129/28.jpg	24
1	mlsp_dataset_int/faces112x1129/15.jpg	24
1	mlsp_dataset_int/faces112x1129/29.jpg	24
1	mlsp_dataset_int/faces112x1129/5.jpg	24
1	mlsp_dataset_int/faces112x1129/93.jpg	24
1	mlsp_dataset_int/faces112x1129/35.jpg	24
1	mlsp_dataset_int/faces112x1129/78.jpg	24
1	mlsp_dataset_int/faces112x1129/40.jpg	24
1	mlsp_dataset_int/faces112x1129/96.jpg	24
1	mlsp_dataset_int/faces112x1129/44.jpg	24
1	mlsp_dataset_int/faces112x1129/86.jpg	24
1	mlsp_dataset_int/faces112x1129/43.jpg	24
1	mlsp_dataset_int/faces112x1129/94.jpg	24
1	mlsp_dataset_int/faces112x1129/80.jpg	24
1	mlsp_dataset_int/faces112x1129/41.jpg	24
1	mlsp_dataset_int/faces112x1129/95.jpg	24
1	mlsp_dataset_int/faces112x1129/75.jpg	24
1	mlsp_dataset_int/faces112x1129/83.jpg	24
1	mlsp_dataset_int/faces112x1129/11.jpg	24
1	mlsp_dataset_int/faces112x1129/68.jpg	24
1	mlsp_dataset_int/faces112x1129/27.jpg	24
1	mlsp_dataset_int/faces112x1129/32.jpg	24
1	mlsp_dataset_int/faces112x1129/26.jpg	24
1	mlsp_dataset_int/faces112x1129/7.jpg	24
1	mlsp_dataset_int/faces112x1129/79.jpg	24
1	mlsp_dataset_int/faces112x1129/67.jpg	24
1	mlsp_dataset_int/faces112x1129/14.jpg	24
1	mlsp_dataset_int/faces112x1129/39.jpg	24
1	mlsp_dataset_int/faces112x1129/58.jpg	24
1	mlsp_dataset_int/faces112x1129/34.jpg	24
1	mlsp_dataset_int/faces112x1129/0.jpg	24
1	mlsp_dataset_int/faces112x1129/45.jpg	24
1	mlsp_dataset_int/faces112x1129/87.jpg	24
1	mlsp_dataset_int/faces112x1129/90.jpg	24
1	mlsp_dataset_int/faces112x1129/92.jpg	24
1	mlsp_dataset_int/faces112x1129/63.jpg	24
1	mlsp_dataset_int/faces112x1129/74.jpg	24
1	mlsp_dataset_int/faces112x1129/13.jpg	24
1	mlsp_dataset_int/faces112x1129/51.jpg	24
1	mlsp_dataset_int/faces112x1129/22.jpg	24
1	mlsp_dataset_int/faces112x1129/42.jpg	24
1	mlsp_dataset_int/faces112x1129/12.jpg	24
1	mlsp_dataset_int/faces112x1129/65.jpg	24
1	mlsp_dataset_int/faces112x1129/1.jpg	24
1	mlsp_dataset_int/faces112x1129/48.jpg	24
1	mlsp_dataset_int/faces112x1129/49.jpg	24
1	mlsp_dataset_int/faces112x1129/10.jpg	24
1	mlsp_dataset_int/faces112x1129/66.jpg	24
1	mlsp_dataset_int/faces112x1129/21.jpg	24
